<?xml version="1.0" encoding="UTF-8"?>
<testsuite xmlns:xsi="http://www.w3.org/2001/XMLSchema-instance" xsi:noNamespaceSchemaLocation="https://maven.apache.org/surefire/maven-surefire-plugin/xsd/surefire-test-report.xsd" name="dev.evertonsavio.microservices.currencyconversionservice.CurrencyConversionServiceApplicationTests" time="5.449" tests="1" errors="0" skipped="0" failures="0">
  <properties>
    <property name="sun.desktop" value="gnome"/>
    <property name="awt.toolkit" value="sun.awt.X11.XToolkit"/>
    <property name="java.specification.version" value="11"/>
    <property name="sun.cpu.isalist" value=""/>
    <property name="sun.jnu.encoding" value="UTF-8"/>
    <property name="java.class.path" value="/home/padotec/Github/Kubernetes_GPC-AWS-AZURE/06-currency-conversion-cloud/target/test-classes:/home/padotec/Github/Kubernetes_GPC-AWS-AZURE/06-currency-conversion-cloud/target/classes:/home/padotec/.m2/repository/org/springframework/boot/spring-boot-starter-web/2.3.3.RELEASE/spring-boot-starter-web-2.3.3.RELEASE.jar:/home/padotec/.m2/repository/org/springframework/boot/spring-boot-starter/2.3.3.RELEASE/spring-boot-starter-2.3.3.RELEASE.jar:/home/padotec/.m2/repository/org/springframework/boot/spring-boot-starter-logging/2.3.3.RELEASE/spring-boot-starter-logging-2.3.3.RELEASE.jar:/home/padotec/.m2/repository/ch/qos/logback/logback-classic/1.2.3/logback-classic-1.2.3.jar:/home/padotec/.m2/repository/ch/qos/logback/logback-core/1.2.3/logback-core-1.2.3.jar:/home/padotec/.m2/repository/org/apache/logging/log4j/log4j-to-slf4j/2.13.3/log4j-to-slf4j-2.13.3.jar:/home/padotec/.m2/repository/org/apache/logging/log4j/log4j-api/2.13.3/log4j-api-2.13.3.jar:/home/padotec/.m2/repository/org/slf4j/jul-to-slf4j/1.7.30/jul-to-slf4j-1.7.30.jar:/home/padotec/.m2/repository/jakarta/annotation/jakarta.annotation-api/1.3.5/jakarta.annotation-api-1.3.5.jar:/home/padotec/.m2/repository/org/yaml/snakeyaml/1.26/snakeyaml-1.26.jar:/home/padotec/.m2/repository/org/springframework/boot/spring-boot-starter-json/2.3.3.RELEASE/spring-boot-starter-json-2.3.3.RELEASE.jar:/home/padotec/.m2/repository/com/fasterxml/jackson/core/jackson-databind/2.11.2/jackson-databind-2.11.2.jar:/home/padotec/.m2/repository/com/fasterxml/jackson/core/jackson-annotations/2.11.2/jackson-annotations-2.11.2.jar:/home/padotec/.m2/repository/com/fasterxml/jackson/core/jackson-core/2.11.2/jackson-core-2.11.2.jar:/home/padotec/.m2/repository/com/fasterxml/jackson/datatype/jackson-datatype-jdk8/2.11.2/jackson-datatype-jdk8-2.11.2.jar:/home/padotec/.m2/repository/com/fasterxml/jackson/datatype/jackson-datatype-jsr310/2.11.2/jackson-datatype-jsr310-2.11.2.jar:/home/padotec/.m2/repository/com/fasterxml/jackson/module/jackson-module-parameter-names/2.11.2/jackson-module-parameter-names-2.11.2.jar:/home/padotec/.m2/repository/org/springframework/boot/spring-boot-starter-tomcat/2.3.3.RELEASE/spring-boot-starter-tomcat-2.3.3.RELEASE.jar:/home/padotec/.m2/repository/org/apache/tomcat/embed/tomcat-embed-core/9.0.37/tomcat-embed-core-9.0.37.jar:/home/padotec/.m2/repository/org/glassfish/jakarta.el/3.0.3/jakarta.el-3.0.3.jar:/home/padotec/.m2/repository/org/apache/tomcat/embed/tomcat-embed-websocket/9.0.37/tomcat-embed-websocket-9.0.37.jar:/home/padotec/.m2/repository/org/springframework/spring-web/5.2.8.RELEASE/spring-web-5.2.8.RELEASE.jar:/home/padotec/.m2/repository/org/springframework/spring-beans/5.2.8.RELEASE/spring-beans-5.2.8.RELEASE.jar:/home/padotec/.m2/repository/org/springframework/spring-webmvc/5.2.8.RELEASE/spring-webmvc-5.2.8.RELEASE.jar:/home/padotec/.m2/repository/org/springframework/spring-context/5.2.8.RELEASE/spring-context-5.2.8.RELEASE.jar:/home/padotec/.m2/repository/org/springframework/spring-expression/5.2.8.RELEASE/spring-expression-5.2.8.RELEASE.jar:/home/padotec/.m2/repository/org/springframework/cloud/spring-cloud-starter-openfeign/2.2.4.RELEASE/spring-cloud-starter-openfeign-2.2.4.RELEASE.jar:/home/padotec/.m2/repository/org/springframework/cloud/spring-cloud-starter/2.2.4.RELEASE/spring-cloud-starter-2.2.4.RELEASE.jar:/home/padotec/.m2/repository/org/springframework/cloud/spring-cloud-context/2.2.4.RELEASE/spring-cloud-context-2.2.4.RELEASE.jar:/home/padotec/.m2/repository/org/springframework/security/spring-security-rsa/1.0.9.RELEASE/spring-security-rsa-1.0.9.RELEASE.jar:/home/padotec/.m2/repository/org/bouncycastle/bcpkix-jdk15on/1.64/bcpkix-jdk15on-1.64.jar:/home/padotec/.m2/repository/org/bouncycastle/bcprov-jdk15on/1.64/bcprov-jdk15on-1.64.jar:/home/padotec/.m2/repository/org/springframework/cloud/spring-cloud-openfeign-core/2.2.4.RELEASE/spring-cloud-openfeign-core-2.2.4.RELEASE.jar:/home/padotec/.m2/repository/io/github/openfeign/form/feign-form-spring/3.8.0/feign-form-spring-3.8.0.jar:/home/padotec/.m2/repository/io/github/openfeign/form/feign-form/3.8.0/feign-form-3.8.0.jar:/home/padotec/.m2/repository/commons-fileupload/commons-fileupload/1.4/commons-fileupload-1.4.jar:/home/padotec/.m2/repository/commons-io/commons-io/2.2/commons-io-2.2.jar:/home/padotec/.m2/repository/org/springframework/cloud/spring-cloud-commons/2.2.4.RELEASE/spring-cloud-commons-2.2.4.RELEASE.jar:/home/padotec/.m2/repository/org/springframework/security/spring-security-crypto/5.3.4.RELEASE/spring-security-crypto-5.3.4.RELEASE.jar:/home/padotec/.m2/repository/io/github/openfeign/feign-core/10.10.1/feign-core-10.10.1.jar:/home/padotec/.m2/repository/io/github/openfeign/feign-slf4j/10.10.1/feign-slf4j-10.10.1.jar:/home/padotec/.m2/repository/org/slf4j/slf4j-api/1.7.30/slf4j-api-1.7.30.jar:/home/padotec/.m2/repository/io/github/openfeign/feign-hystrix/10.10.1/feign-hystrix-10.10.1.jar:/home/padotec/.m2/repository/com/netflix/archaius/archaius-core/0.7.6/archaius-core-0.7.6.jar:/home/padotec/.m2/repository/com/google/code/findbugs/jsr305/3.0.1/jsr305-3.0.1.jar:/home/padotec/.m2/repository/com/netflix/hystrix/hystrix-core/1.5.18/hystrix-core-1.5.18.jar:/home/padotec/.m2/repository/org/springframework/boot/spring-boot-starter-data-jpa/2.3.3.RELEASE/spring-boot-starter-data-jpa-2.3.3.RELEASE.jar:/home/padotec/.m2/repository/org/springframework/boot/spring-boot-starter-aop/2.3.3.RELEASE/spring-boot-starter-aop-2.3.3.RELEASE.jar:/home/padotec/.m2/repository/org/aspectj/aspectjweaver/1.9.6/aspectjweaver-1.9.6.jar:/home/padotec/.m2/repository/org/springframework/boot/spring-boot-starter-jdbc/2.3.3.RELEASE/spring-boot-starter-jdbc-2.3.3.RELEASE.jar:/home/padotec/.m2/repository/com/zaxxer/HikariCP/3.4.5/HikariCP-3.4.5.jar:/home/padotec/.m2/repository/org/springframework/spring-jdbc/5.2.8.RELEASE/spring-jdbc-5.2.8.RELEASE.jar:/home/padotec/.m2/repository/jakarta/transaction/jakarta.transaction-api/1.3.3/jakarta.transaction-api-1.3.3.jar:/home/padotec/.m2/repository/jakarta/persistence/jakarta.persistence-api/2.2.3/jakarta.persistence-api-2.2.3.jar:/home/padotec/.m2/repository/org/hibernate/hibernate-core/5.4.20.Final/hibernate-core-5.4.20.Final.jar:/home/padotec/.m2/repository/org/jboss/logging/jboss-logging/3.4.1.Final/jboss-logging-3.4.1.Final.jar:/home/padotec/.m2/repository/org/javassist/javassist/3.24.0-GA/javassist-3.24.0-GA.jar:/home/padotec/.m2/repository/net/bytebuddy/byte-buddy/1.10.14/byte-buddy-1.10.14.jar:/home/padotec/.m2/repository/antlr/antlr/2.7.7/antlr-2.7.7.jar:/home/padotec/.m2/repository/org/jboss/jandex/2.1.3.Final/jandex-2.1.3.Final.jar:/home/padotec/.m2/repository/com/fasterxml/classmate/1.5.1/classmate-1.5.1.jar:/home/padotec/.m2/repository/org/dom4j/dom4j/2.1.3/dom4j-2.1.3.jar:/home/padotec/.m2/repository/org/hibernate/common/hibernate-commons-annotations/5.1.0.Final/hibernate-commons-annotations-5.1.0.Final.jar:/home/padotec/.m2/repository/org/springframework/data/spring-data-jpa/2.3.3.RELEASE/spring-data-jpa-2.3.3.RELEASE.jar:/home/padotec/.m2/repository/org/springframework/data/spring-data-commons/2.3.3.RELEASE/spring-data-commons-2.3.3.RELEASE.jar:/home/padotec/.m2/repository/org/springframework/spring-orm/5.2.8.RELEASE/spring-orm-5.2.8.RELEASE.jar:/home/padotec/.m2/repository/org/springframework/spring-tx/5.2.8.RELEASE/spring-tx-5.2.8.RELEASE.jar:/home/padotec/.m2/repository/org/springframework/spring-aspects/5.2.8.RELEASE/spring-aspects-5.2.8.RELEASE.jar:/home/padotec/.m2/repository/org/springframework/boot/spring-boot-starter-security/2.3.3.RELEASE/spring-boot-starter-security-2.3.3.RELEASE.jar:/home/padotec/.m2/repository/org/springframework/spring-aop/5.2.8.RELEASE/spring-aop-5.2.8.RELEASE.jar:/home/padotec/.m2/repository/org/springframework/security/spring-security-config/5.3.4.RELEASE/spring-security-config-5.3.4.RELEASE.jar:/home/padotec/.m2/repository/org/springframework/security/spring-security-core/5.3.4.RELEASE/spring-security-core-5.3.4.RELEASE.jar:/home/padotec/.m2/repository/org/springframework/security/spring-security-web/5.3.4.RELEASE/spring-security-web-5.3.4.RELEASE.jar:/home/padotec/.m2/repository/org/springframework/cloud/spring-cloud-starter-sleuth/2.2.4.RELEASE/spring-cloud-starter-sleuth-2.2.4.RELEASE.jar:/home/padotec/.m2/repository/org/springframework/cloud/spring-cloud-sleuth-core/2.2.4.RELEASE/spring-cloud-sleuth-core-2.2.4.RELEASE.jar:/home/padotec/.m2/repository/org/aspectj/aspectjrt/1.9.6/aspectjrt-1.9.6.jar:/home/padotec/.m2/repository/io/zipkin/brave/brave/5.12.3/brave-5.12.3.jar:/home/padotec/.m2/repository/io/zipkin/reporter2/zipkin-reporter-brave/2.15.0/zipkin-reporter-brave-2.15.0.jar:/home/padotec/.m2/repository/io/zipkin/brave/brave-context-slf4j/5.12.3/brave-context-slf4j-5.12.3.jar:/home/padotec/.m2/repository/io/zipkin/brave/brave-instrumentation-messaging/5.12.3/brave-instrumentation-messaging-5.12.3.jar:/home/padotec/.m2/repository/io/zipkin/brave/brave-instrumentation-rpc/5.12.3/brave-instrumentation-rpc-5.12.3.jar:/home/padotec/.m2/repository/io/zipkin/brave/brave-instrumentation-spring-web/5.12.3/brave-instrumentation-spring-web-5.12.3.jar:/home/padotec/.m2/repository/io/zipkin/brave/brave-instrumentation-http/5.12.3/brave-instrumentation-http-5.12.3.jar:/home/padotec/.m2/repository/io/zipkin/brave/brave-instrumentation-spring-rabbit/5.12.3/brave-instrumentation-spring-rabbit-5.12.3.jar:/home/padotec/.m2/repository/io/zipkin/brave/brave-instrumentation-kafka-clients/5.12.3/brave-instrumentation-kafka-clients-5.12.3.jar:/home/padotec/.m2/repository/io/zipkin/brave/brave-instrumentation-kafka-streams/5.12.3/brave-instrumentation-kafka-streams-5.12.3.jar:/home/padotec/.m2/repository/io/zipkin/brave/brave-instrumentation-httpclient/5.12.3/brave-instrumentation-httpclient-5.12.3.jar:/home/padotec/.m2/repository/io/zipkin/brave/brave-instrumentation-httpasyncclient/5.12.3/brave-instrumentation-httpasyncclient-5.12.3.jar:/home/padotec/.m2/repository/io/zipkin/brave/brave-instrumentation-spring-webmvc/5.12.3/brave-instrumentation-spring-webmvc-5.12.3.jar:/home/padotec/.m2/repository/io/zipkin/brave/brave-instrumentation-servlet/5.12.3/brave-instrumentation-servlet-5.12.3.jar:/home/padotec/.m2/repository/io/zipkin/brave/brave-instrumentation-jms/5.12.3/brave-instrumentation-jms-5.12.3.jar:/home/padotec/.m2/repository/io/zipkin/reporter2/zipkin-reporter-metrics-micrometer/2.15.0/zipkin-reporter-metrics-micrometer-2.15.0.jar:/home/padotec/.m2/repository/io/zipkin/reporter2/zipkin-reporter/2.15.0/zipkin-reporter-2.15.0.jar:/home/padotec/.m2/repository/io/zipkin/zipkin2/zipkin/2.21.1/zipkin-2.21.1.jar:/home/padotec/.m2/repository/org/springframework/cloud/spring-cloud-starter-netflix-ribbon/2.2.4.RELEASE/spring-cloud-starter-netflix-ribbon-2.2.4.RELEASE.jar:/home/padotec/.m2/repository/org/springframework/cloud/spring-cloud-netflix-ribbon/2.2.4.RELEASE/spring-cloud-netflix-ribbon-2.2.4.RELEASE.jar:/home/padotec/.m2/repository/org/springframework/cloud/spring-cloud-netflix-archaius/2.2.4.RELEASE/spring-cloud-netflix-archaius-2.2.4.RELEASE.jar:/home/padotec/.m2/repository/org/springframework/cloud/spring-cloud-starter-netflix-archaius/2.2.4.RELEASE/spring-cloud-starter-netflix-archaius-2.2.4.RELEASE.jar:/home/padotec/.m2/repository/commons-configuration/commons-configuration/1.8/commons-configuration-1.8.jar:/home/padotec/.m2/repository/com/netflix/ribbon/ribbon/2.3.0/ribbon-2.3.0.jar:/home/padotec/.m2/repository/com/netflix/ribbon/ribbon-transport/2.3.0/ribbon-transport-2.3.0.jar:/home/padotec/.m2/repository/io/reactivex/rxnetty-contexts/0.4.9/rxnetty-contexts-0.4.9.jar:/home/padotec/.m2/repository/io/reactivex/rxnetty-servo/0.4.9/rxnetty-servo-0.4.9.jar:/home/padotec/.m2/repository/javax/inject/javax.inject/1/javax.inject-1.jar:/home/padotec/.m2/repository/io/reactivex/rxnetty/0.4.9/rxnetty-0.4.9.jar:/home/padotec/.m2/repository/com/google/guava/guava/29.0-jre/guava-29.0-jre.jar:/home/padotec/.m2/repository/com/google/guava/failureaccess/1.0.1/failureaccess-1.0.1.jar:/home/padotec/.m2/repository/com/google/guava/listenablefuture/9999.0-empty-to-avoid-conflict-with-guava/listenablefuture-9999.0-empty-to-avoid-conflict-with-guava.jar:/home/padotec/.m2/repository/org/checkerframework/checker-qual/2.11.1/checker-qual-2.11.1.jar:/home/padotec/.m2/repository/com/google/errorprone/error_prone_annotations/2.3.4/error_prone_annotations-2.3.4.jar:/home/padotec/.m2/repository/com/google/j2objc/j2objc-annotations/1.3/j2objc-annotations-1.3.jar:/home/padotec/.m2/repository/com/netflix/ribbon/ribbon-core/2.3.0/ribbon-core-2.3.0.jar:/home/padotec/.m2/repository/commons-lang/commons-lang/2.6/commons-lang-2.6.jar:/home/padotec/.m2/repository/com/netflix/ribbon/ribbon-httpclient/2.3.0/ribbon-httpclient-2.3.0.jar:/home/padotec/.m2/repository/commons-collections/commons-collections/3.2.2/commons-collections-3.2.2.jar:/home/padotec/.m2/repository/org/apache/httpcomponents/httpclient/4.5.12/httpclient-4.5.12.jar:/home/padotec/.m2/repository/org/apache/httpcomponents/httpcore/4.4.13/httpcore-4.4.13.jar:/home/padotec/.m2/repository/commons-codec/commons-codec/1.14/commons-codec-1.14.jar:/home/padotec/.m2/repository/com/sun/jersey/jersey-client/1.19.1/jersey-client-1.19.1.jar:/home/padotec/.m2/repository/com/sun/jersey/jersey-core/1.19.1/jersey-core-1.19.1.jar:/home/padotec/.m2/repository/javax/ws/rs/jsr311-api/1.1.1/jsr311-api-1.1.1.jar:/home/padotec/.m2/repository/com/sun/jersey/contribs/jersey-apache-client4/1.19.1/jersey-apache-client4-1.19.1.jar:/home/padotec/.m2/repository/com/netflix/servo/servo-core/0.12.21/servo-core-0.12.21.jar:/home/padotec/.m2/repository/com/netflix/netflix-commons/netflix-commons-util/0.3.0/netflix-commons-util-0.3.0.jar:/home/padotec/.m2/repository/com/netflix/ribbon/ribbon-loadbalancer/2.3.0/ribbon-loadbalancer-2.3.0.jar:/home/padotec/.m2/repository/com/netflix/netflix-commons/netflix-statistics/0.1.1/netflix-statistics-0.1.1.jar:/home/padotec/.m2/repository/io/reactivex/rxjava/1.3.8/rxjava-1.3.8.jar:/home/padotec/.m2/repository/org/springframework/cloud/spring-cloud-starter-kubernetes-all/1.1.5.RELEASE/spring-cloud-starter-kubernetes-all-1.1.5.RELEASE.jar:/home/padotec/.m2/repository/org/springframework/cloud/spring-cloud-kubernetes-core/1.1.5.RELEASE/spring-cloud-kubernetes-core-1.1.5.RELEASE.jar:/home/padotec/.m2/repository/io/fabric8/kubernetes-client/4.10.3/kubernetes-client-4.10.3.jar:/home/padotec/.m2/repository/io/fabric8/kubernetes-model-core/4.10.3/kubernetes-model-core-4.10.3.jar:/home/padotec/.m2/repository/io/fabric8/kubernetes-model-common/4.10.3/kubernetes-model-common-4.10.3.jar:/home/padotec/.m2/repository/com/fasterxml/jackson/module/jackson-module-jaxb-annotations/2.11.2/jackson-module-jaxb-annotations-2.11.2.jar:/home/padotec/.m2/repository/jakarta/activation/jakarta.activation-api/1.2.2/jakarta.activation-api-1.2.2.jar:/home/padotec/.m2/repository/javax/annotation/javax.annotation-api/1.3.2/javax.annotation-api-1.3.2.jar:/home/padotec/.m2/repository/io/fabric8/kubernetes-model-rbac/4.10.3/kubernetes-model-rbac-4.10.3.jar:/home/padotec/.m2/repository/io/fabric8/kubernetes-model-admissionregistration/4.10.3/kubernetes-model-admissionregistration-4.10.3.jar:/home/padotec/.m2/repository/io/fabric8/kubernetes-model-apps/4.10.3/kubernetes-model-apps-4.10.3.jar:/home/padotec/.m2/repository/io/fabric8/kubernetes-model-autoscaling/4.10.3/kubernetes-model-autoscaling-4.10.3.jar:/home/padotec/.m2/repository/io/fabric8/kubernetes-model-apiextensions/4.10.3/kubernetes-model-apiextensions-4.10.3.jar:/home/padotec/.m2/repository/io/fabric8/kubernetes-model-batch/4.10.3/kubernetes-model-batch-4.10.3.jar:/home/padotec/.m2/repository/io/fabric8/kubernetes-model-certificates/4.10.3/kubernetes-model-certificates-4.10.3.jar:/home/padotec/.m2/repository/io/fabric8/kubernetes-model-coordination/4.10.3/kubernetes-model-coordination-4.10.3.jar:/home/padotec/.m2/repository/io/fabric8/kubernetes-model-discovery/4.10.3/kubernetes-model-discovery-4.10.3.jar:/home/padotec/.m2/repository/io/fabric8/kubernetes-model-events/4.10.3/kubernetes-model-events-4.10.3.jar:/home/padotec/.m2/repository/io/fabric8/kubernetes-model-extensions/4.10.3/kubernetes-model-extensions-4.10.3.jar:/home/padotec/.m2/repository/io/fabric8/kubernetes-model-networking/4.10.3/kubernetes-model-networking-4.10.3.jar:/home/padotec/.m2/repository/io/fabric8/kubernetes-model-metrics/4.10.3/kubernetes-model-metrics-4.10.3.jar:/home/padotec/.m2/repository/io/fabric8/kubernetes-model-policy/4.10.3/kubernetes-model-policy-4.10.3.jar:/home/padotec/.m2/repository/io/fabric8/kubernetes-model-scheduling/4.10.3/kubernetes-model-scheduling-4.10.3.jar:/home/padotec/.m2/repository/io/fabric8/kubernetes-model-settings/4.10.3/kubernetes-model-settings-4.10.3.jar:/home/padotec/.m2/repository/io/fabric8/kubernetes-model-storageclass/4.10.3/kubernetes-model-storageclass-4.10.3.jar:/home/padotec/.m2/repository/io/fabric8/openshift-model/4.10.3/openshift-model-4.10.3.jar:/home/padotec/.m2/repository/com/squareup/okhttp3/okhttp/3.14.9/okhttp-3.14.9.jar:/home/padotec/.m2/repository/com/squareup/okio/okio/1.17.2/okio-1.17.2.jar:/home/padotec/.m2/repository/com/squareup/okhttp3/logging-interceptor/3.14.9/logging-interceptor-3.14.9.jar:/home/padotec/.m2/repository/com/fasterxml/jackson/dataformat/jackson-dataformat-yaml/2.11.2/jackson-dataformat-yaml-2.11.2.jar:/home/padotec/.m2/repository/io/fabric8/zjsonpatch/0.3.0/zjsonpatch-0.3.0.jar:/home/padotec/.m2/repository/com/github/mifmif/generex/1.0.2/generex-1.0.2.jar:/home/padotec/.m2/repository/dk/brics/automaton/automaton/1.11-8/automaton-1.11-8.jar:/home/padotec/.m2/repository/org/springframework/cloud/spring-cloud-kubernetes-config/1.1.5.RELEASE/spring-cloud-kubernetes-config-1.1.5.RELEASE.jar:/home/padotec/.m2/repository/org/springframework/cloud/spring-cloud-kubernetes-discovery/1.1.5.RELEASE/spring-cloud-kubernetes-discovery-1.1.5.RELEASE.jar:/home/padotec/.m2/repository/org/springframework/cloud/spring-cloud-kubernetes-ribbon/1.1.5.RELEASE/spring-cloud-kubernetes-ribbon-1.1.5.RELEASE.jar:/home/padotec/.m2/repository/org/springframework/boot/spring-boot-starter-actuator/2.3.3.RELEASE/spring-boot-starter-actuator-2.3.3.RELEASE.jar:/home/padotec/.m2/repository/org/springframework/boot/spring-boot-actuator-autoconfigure/2.3.3.RELEASE/spring-boot-actuator-autoconfigure-2.3.3.RELEASE.jar:/home/padotec/.m2/repository/org/springframework/boot/spring-boot-actuator/2.3.3.RELEASE/spring-boot-actuator-2.3.3.RELEASE.jar:/home/padotec/.m2/repository/io/micrometer/micrometer-core/1.5.4/micrometer-core-1.5.4.jar:/home/padotec/.m2/repository/org/hdrhistogram/HdrHistogram/2.1.12/HdrHistogram-2.1.12.jar:/home/padotec/.m2/repository/org/latencyutils/LatencyUtils/2.0.3/LatencyUtils-2.0.3.jar:/home/padotec/.m2/repository/org/springframework/boot/spring-boot-devtools/2.3.3.RELEASE/spring-boot-devtools-2.3.3.RELEASE.jar:/home/padotec/.m2/repository/org/springframework/boot/spring-boot/2.3.3.RELEASE/spring-boot-2.3.3.RELEASE.jar:/home/padotec/.m2/repository/org/springframework/boot/spring-boot-autoconfigure/2.3.3.RELEASE/spring-boot-autoconfigure-2.3.3.RELEASE.jar:/home/padotec/.m2/repository/com/h2database/h2/1.4.200/h2-1.4.200.jar:/home/padotec/.m2/repository/javax/xml/bind/jaxb-api/2.3.1/jaxb-api-2.3.1.jar:/home/padotec/.m2/repository/javax/activation/javax.activation-api/1.2.0/javax.activation-api-1.2.0.jar:/home/padotec/.m2/repository/com/sun/xml/bind/jaxb-impl/2.3.1/jaxb-impl-2.3.1.jar:/home/padotec/.m2/repository/org/glassfish/jaxb/jaxb-runtime/2.3.3/jaxb-runtime-2.3.3.jar:/home/padotec/.m2/repository/jakarta/xml/bind/jakarta.xml.bind-api/2.3.3/jakarta.xml.bind-api-2.3.3.jar:/home/padotec/.m2/repository/org/glassfish/jaxb/txw2/2.3.3/txw2-2.3.3.jar:/home/padotec/.m2/repository/com/sun/istack/istack-commons-runtime/3.0.11/istack-commons-runtime-3.0.11.jar:/home/padotec/.m2/repository/com/sun/activation/jakarta.activation/1.2.2/jakarta.activation-1.2.2.jar:/home/padotec/.m2/repository/javax/activation/activation/1.1.1/activation-1.1.1.jar:/home/padotec/.m2/repository/org/springframework/boot/spring-boot-starter-test/2.3.3.RELEASE/spring-boot-starter-test-2.3.3.RELEASE.jar:/home/padotec/.m2/repository/org/springframework/boot/spring-boot-test/2.3.3.RELEASE/spring-boot-test-2.3.3.RELEASE.jar:/home/padotec/.m2/repository/org/springframework/boot/spring-boot-test-autoconfigure/2.3.3.RELEASE/spring-boot-test-autoconfigure-2.3.3.RELEASE.jar:/home/padotec/.m2/repository/com/jayway/jsonpath/json-path/2.4.0/json-path-2.4.0.jar:/home/padotec/.m2/repository/net/minidev/json-smart/2.3/json-smart-2.3.jar:/home/padotec/.m2/repository/net/minidev/accessors-smart/1.2/accessors-smart-1.2.jar:/home/padotec/.m2/repository/org/ow2/asm/asm/5.0.4/asm-5.0.4.jar:/home/padotec/.m2/repository/org/assertj/assertj-core/3.16.1/assertj-core-3.16.1.jar:/home/padotec/.m2/repository/org/hamcrest/hamcrest/2.2/hamcrest-2.2.jar:/home/padotec/.m2/repository/org/junit/jupiter/junit-jupiter/5.6.2/junit-jupiter-5.6.2.jar:/home/padotec/.m2/repository/org/junit/jupiter/junit-jupiter-api/5.6.2/junit-jupiter-api-5.6.2.jar:/home/padotec/.m2/repository/org/opentest4j/opentest4j/1.2.0/opentest4j-1.2.0.jar:/home/padotec/.m2/repository/org/junit/platform/junit-platform-commons/1.6.2/junit-platform-commons-1.6.2.jar:/home/padotec/.m2/repository/org/junit/jupiter/junit-jupiter-params/5.6.2/junit-jupiter-params-5.6.2.jar:/home/padotec/.m2/repository/org/junit/jupiter/junit-jupiter-engine/5.6.2/junit-jupiter-engine-5.6.2.jar:/home/padotec/.m2/repository/org/junit/vintage/junit-vintage-engine/5.6.2/junit-vintage-engine-5.6.2.jar:/home/padotec/.m2/repository/org/apiguardian/apiguardian-api/1.1.0/apiguardian-api-1.1.0.jar:/home/padotec/.m2/repository/org/junit/platform/junit-platform-engine/1.6.2/junit-platform-engine-1.6.2.jar:/home/padotec/.m2/repository/junit/junit/4.13/junit-4.13.jar:/home/padotec/.m2/repository/org/mockito/mockito-core/3.3.3/mockito-core-3.3.3.jar:/home/padotec/.m2/repository/net/bytebuddy/byte-buddy-agent/1.10.14/byte-buddy-agent-1.10.14.jar:/home/padotec/.m2/repository/org/objenesis/objenesis/2.6/objenesis-2.6.jar:/home/padotec/.m2/repository/org/mockito/mockito-junit-jupiter/3.3.3/mockito-junit-jupiter-3.3.3.jar:/home/padotec/.m2/repository/org/skyscreamer/jsonassert/1.5.0/jsonassert-1.5.0.jar:/home/padotec/.m2/repository/com/vaadin/external/google/android-json/0.0.20131108.vaadin1/android-json-0.0.20131108.vaadin1.jar:/home/padotec/.m2/repository/org/springframework/spring-core/5.2.8.RELEASE/spring-core-5.2.8.RELEASE.jar:/home/padotec/.m2/repository/org/springframework/spring-jcl/5.2.8.RELEASE/spring-jcl-5.2.8.RELEASE.jar:/home/padotec/.m2/repository/org/springframework/spring-test/5.2.8.RELEASE/spring-test-5.2.8.RELEASE.jar:/home/padotec/.m2/repository/org/xmlunit/xmlunit-core/2.7.0/xmlunit-core-2.7.0.jar:"/>
    <property name="java.vm.vendor" value="Debian"/>
    <property name="sun.arch.data.model" value="64"/>
    <property name="java.vendor.url" value="https://tracker.debian.org/openjdk-11"/>
    <property name="user.timezone" value=""/>
    <property name="java.vm.specification.version" value="11"/>
    <property name="os.name" value="Linux"/>
    <property name="sun.java.launcher" value="SUN_STANDARD"/>
    <property name="user.country" value="BR"/>
    <property name="sun.boot.library.path" value="/usr/lib/jvm/java-11-openjdk-amd64/lib"/>
    <property name="sun.java.command" value="/home/padotec/Github/Kubernetes_GPC-AWS-AZURE/06-currency-conversion-cloud/target/surefire/surefirebooter10236817522131052307.jar /home/padotec/Github/Kubernetes_GPC-AWS-AZURE/06-currency-conversion-cloud/target/surefire 2021-04-30T15-08-44_194-jvmRun1 surefire13379060752513657587tmp surefire_09479857870163418748tmp"/>
    <property name="jdk.debug" value="release"/>
    <property name="surefire.test.class.path" value="/home/padotec/Github/Kubernetes_GPC-AWS-AZURE/06-currency-conversion-cloud/target/test-classes:/home/padotec/Github/Kubernetes_GPC-AWS-AZURE/06-currency-conversion-cloud/target/classes:/home/padotec/.m2/repository/org/springframework/boot/spring-boot-starter-web/2.3.3.RELEASE/spring-boot-starter-web-2.3.3.RELEASE.jar:/home/padotec/.m2/repository/org/springframework/boot/spring-boot-starter/2.3.3.RELEASE/spring-boot-starter-2.3.3.RELEASE.jar:/home/padotec/.m2/repository/org/springframework/boot/spring-boot-starter-logging/2.3.3.RELEASE/spring-boot-starter-logging-2.3.3.RELEASE.jar:/home/padotec/.m2/repository/ch/qos/logback/logback-classic/1.2.3/logback-classic-1.2.3.jar:/home/padotec/.m2/repository/ch/qos/logback/logback-core/1.2.3/logback-core-1.2.3.jar:/home/padotec/.m2/repository/org/apache/logging/log4j/log4j-to-slf4j/2.13.3/log4j-to-slf4j-2.13.3.jar:/home/padotec/.m2/repository/org/apache/logging/log4j/log4j-api/2.13.3/log4j-api-2.13.3.jar:/home/padotec/.m2/repository/org/slf4j/jul-to-slf4j/1.7.30/jul-to-slf4j-1.7.30.jar:/home/padotec/.m2/repository/jakarta/annotation/jakarta.annotation-api/1.3.5/jakarta.annotation-api-1.3.5.jar:/home/padotec/.m2/repository/org/yaml/snakeyaml/1.26/snakeyaml-1.26.jar:/home/padotec/.m2/repository/org/springframework/boot/spring-boot-starter-json/2.3.3.RELEASE/spring-boot-starter-json-2.3.3.RELEASE.jar:/home/padotec/.m2/repository/com/fasterxml/jackson/core/jackson-databind/2.11.2/jackson-databind-2.11.2.jar:/home/padotec/.m2/repository/com/fasterxml/jackson/core/jackson-annotations/2.11.2/jackson-annotations-2.11.2.jar:/home/padotec/.m2/repository/com/fasterxml/jackson/core/jackson-core/2.11.2/jackson-core-2.11.2.jar:/home/padotec/.m2/repository/com/fasterxml/jackson/datatype/jackson-datatype-jdk8/2.11.2/jackson-datatype-jdk8-2.11.2.jar:/home/padotec/.m2/repository/com/fasterxml/jackson/datatype/jackson-datatype-jsr310/2.11.2/jackson-datatype-jsr310-2.11.2.jar:/home/padotec/.m2/repository/com/fasterxml/jackson/module/jackson-module-parameter-names/2.11.2/jackson-module-parameter-names-2.11.2.jar:/home/padotec/.m2/repository/org/springframework/boot/spring-boot-starter-tomcat/2.3.3.RELEASE/spring-boot-starter-tomcat-2.3.3.RELEASE.jar:/home/padotec/.m2/repository/org/apache/tomcat/embed/tomcat-embed-core/9.0.37/tomcat-embed-core-9.0.37.jar:/home/padotec/.m2/repository/org/glassfish/jakarta.el/3.0.3/jakarta.el-3.0.3.jar:/home/padotec/.m2/repository/org/apache/tomcat/embed/tomcat-embed-websocket/9.0.37/tomcat-embed-websocket-9.0.37.jar:/home/padotec/.m2/repository/org/springframework/spring-web/5.2.8.RELEASE/spring-web-5.2.8.RELEASE.jar:/home/padotec/.m2/repository/org/springframework/spring-beans/5.2.8.RELEASE/spring-beans-5.2.8.RELEASE.jar:/home/padotec/.m2/repository/org/springframework/spring-webmvc/5.2.8.RELEASE/spring-webmvc-5.2.8.RELEASE.jar:/home/padotec/.m2/repository/org/springframework/spring-context/5.2.8.RELEASE/spring-context-5.2.8.RELEASE.jar:/home/padotec/.m2/repository/org/springframework/spring-expression/5.2.8.RELEASE/spring-expression-5.2.8.RELEASE.jar:/home/padotec/.m2/repository/org/springframework/cloud/spring-cloud-starter-openfeign/2.2.4.RELEASE/spring-cloud-starter-openfeign-2.2.4.RELEASE.jar:/home/padotec/.m2/repository/org/springframework/cloud/spring-cloud-starter/2.2.4.RELEASE/spring-cloud-starter-2.2.4.RELEASE.jar:/home/padotec/.m2/repository/org/springframework/cloud/spring-cloud-context/2.2.4.RELEASE/spring-cloud-context-2.2.4.RELEASE.jar:/home/padotec/.m2/repository/org/springframework/security/spring-security-rsa/1.0.9.RELEASE/spring-security-rsa-1.0.9.RELEASE.jar:/home/padotec/.m2/repository/org/bouncycastle/bcpkix-jdk15on/1.64/bcpkix-jdk15on-1.64.jar:/home/padotec/.m2/repository/org/bouncycastle/bcprov-jdk15on/1.64/bcprov-jdk15on-1.64.jar:/home/padotec/.m2/repository/org/springframework/cloud/spring-cloud-openfeign-core/2.2.4.RELEASE/spring-cloud-openfeign-core-2.2.4.RELEASE.jar:/home/padotec/.m2/repository/io/github/openfeign/form/feign-form-spring/3.8.0/feign-form-spring-3.8.0.jar:/home/padotec/.m2/repository/io/github/openfeign/form/feign-form/3.8.0/feign-form-3.8.0.jar:/home/padotec/.m2/repository/commons-fileupload/commons-fileupload/1.4/commons-fileupload-1.4.jar:/home/padotec/.m2/repository/commons-io/commons-io/2.2/commons-io-2.2.jar:/home/padotec/.m2/repository/org/springframework/cloud/spring-cloud-commons/2.2.4.RELEASE/spring-cloud-commons-2.2.4.RELEASE.jar:/home/padotec/.m2/repository/org/springframework/security/spring-security-crypto/5.3.4.RELEASE/spring-security-crypto-5.3.4.RELEASE.jar:/home/padotec/.m2/repository/io/github/openfeign/feign-core/10.10.1/feign-core-10.10.1.jar:/home/padotec/.m2/repository/io/github/openfeign/feign-slf4j/10.10.1/feign-slf4j-10.10.1.jar:/home/padotec/.m2/repository/org/slf4j/slf4j-api/1.7.30/slf4j-api-1.7.30.jar:/home/padotec/.m2/repository/io/github/openfeign/feign-hystrix/10.10.1/feign-hystrix-10.10.1.jar:/home/padotec/.m2/repository/com/netflix/archaius/archaius-core/0.7.6/archaius-core-0.7.6.jar:/home/padotec/.m2/repository/com/google/code/findbugs/jsr305/3.0.1/jsr305-3.0.1.jar:/home/padotec/.m2/repository/com/netflix/hystrix/hystrix-core/1.5.18/hystrix-core-1.5.18.jar:/home/padotec/.m2/repository/org/springframework/boot/spring-boot-starter-data-jpa/2.3.3.RELEASE/spring-boot-starter-data-jpa-2.3.3.RELEASE.jar:/home/padotec/.m2/repository/org/springframework/boot/spring-boot-starter-aop/2.3.3.RELEASE/spring-boot-starter-aop-2.3.3.RELEASE.jar:/home/padotec/.m2/repository/org/aspectj/aspectjweaver/1.9.6/aspectjweaver-1.9.6.jar:/home/padotec/.m2/repository/org/springframework/boot/spring-boot-starter-jdbc/2.3.3.RELEASE/spring-boot-starter-jdbc-2.3.3.RELEASE.jar:/home/padotec/.m2/repository/com/zaxxer/HikariCP/3.4.5/HikariCP-3.4.5.jar:/home/padotec/.m2/repository/org/springframework/spring-jdbc/5.2.8.RELEASE/spring-jdbc-5.2.8.RELEASE.jar:/home/padotec/.m2/repository/jakarta/transaction/jakarta.transaction-api/1.3.3/jakarta.transaction-api-1.3.3.jar:/home/padotec/.m2/repository/jakarta/persistence/jakarta.persistence-api/2.2.3/jakarta.persistence-api-2.2.3.jar:/home/padotec/.m2/repository/org/hibernate/hibernate-core/5.4.20.Final/hibernate-core-5.4.20.Final.jar:/home/padotec/.m2/repository/org/jboss/logging/jboss-logging/3.4.1.Final/jboss-logging-3.4.1.Final.jar:/home/padotec/.m2/repository/org/javassist/javassist/3.24.0-GA/javassist-3.24.0-GA.jar:/home/padotec/.m2/repository/net/bytebuddy/byte-buddy/1.10.14/byte-buddy-1.10.14.jar:/home/padotec/.m2/repository/antlr/antlr/2.7.7/antlr-2.7.7.jar:/home/padotec/.m2/repository/org/jboss/jandex/2.1.3.Final/jandex-2.1.3.Final.jar:/home/padotec/.m2/repository/com/fasterxml/classmate/1.5.1/classmate-1.5.1.jar:/home/padotec/.m2/repository/org/dom4j/dom4j/2.1.3/dom4j-2.1.3.jar:/home/padotec/.m2/repository/org/hibernate/common/hibernate-commons-annotations/5.1.0.Final/hibernate-commons-annotations-5.1.0.Final.jar:/home/padotec/.m2/repository/org/springframework/data/spring-data-jpa/2.3.3.RELEASE/spring-data-jpa-2.3.3.RELEASE.jar:/home/padotec/.m2/repository/org/springframework/data/spring-data-commons/2.3.3.RELEASE/spring-data-commons-2.3.3.RELEASE.jar:/home/padotec/.m2/repository/org/springframework/spring-orm/5.2.8.RELEASE/spring-orm-5.2.8.RELEASE.jar:/home/padotec/.m2/repository/org/springframework/spring-tx/5.2.8.RELEASE/spring-tx-5.2.8.RELEASE.jar:/home/padotec/.m2/repository/org/springframework/spring-aspects/5.2.8.RELEASE/spring-aspects-5.2.8.RELEASE.jar:/home/padotec/.m2/repository/org/springframework/boot/spring-boot-starter-security/2.3.3.RELEASE/spring-boot-starter-security-2.3.3.RELEASE.jar:/home/padotec/.m2/repository/org/springframework/spring-aop/5.2.8.RELEASE/spring-aop-5.2.8.RELEASE.jar:/home/padotec/.m2/repository/org/springframework/security/spring-security-config/5.3.4.RELEASE/spring-security-config-5.3.4.RELEASE.jar:/home/padotec/.m2/repository/org/springframework/security/spring-security-core/5.3.4.RELEASE/spring-security-core-5.3.4.RELEASE.jar:/home/padotec/.m2/repository/org/springframework/security/spring-security-web/5.3.4.RELEASE/spring-security-web-5.3.4.RELEASE.jar:/home/padotec/.m2/repository/org/springframework/cloud/spring-cloud-starter-sleuth/2.2.4.RELEASE/spring-cloud-starter-sleuth-2.2.4.RELEASE.jar:/home/padotec/.m2/repository/org/springframework/cloud/spring-cloud-sleuth-core/2.2.4.RELEASE/spring-cloud-sleuth-core-2.2.4.RELEASE.jar:/home/padotec/.m2/repository/org/aspectj/aspectjrt/1.9.6/aspectjrt-1.9.6.jar:/home/padotec/.m2/repository/io/zipkin/brave/brave/5.12.3/brave-5.12.3.jar:/home/padotec/.m2/repository/io/zipkin/reporter2/zipkin-reporter-brave/2.15.0/zipkin-reporter-brave-2.15.0.jar:/home/padotec/.m2/repository/io/zipkin/brave/brave-context-slf4j/5.12.3/brave-context-slf4j-5.12.3.jar:/home/padotec/.m2/repository/io/zipkin/brave/brave-instrumentation-messaging/5.12.3/brave-instrumentation-messaging-5.12.3.jar:/home/padotec/.m2/repository/io/zipkin/brave/brave-instrumentation-rpc/5.12.3/brave-instrumentation-rpc-5.12.3.jar:/home/padotec/.m2/repository/io/zipkin/brave/brave-instrumentation-spring-web/5.12.3/brave-instrumentation-spring-web-5.12.3.jar:/home/padotec/.m2/repository/io/zipkin/brave/brave-instrumentation-http/5.12.3/brave-instrumentation-http-5.12.3.jar:/home/padotec/.m2/repository/io/zipkin/brave/brave-instrumentation-spring-rabbit/5.12.3/brave-instrumentation-spring-rabbit-5.12.3.jar:/home/padotec/.m2/repository/io/zipkin/brave/brave-instrumentation-kafka-clients/5.12.3/brave-instrumentation-kafka-clients-5.12.3.jar:/home/padotec/.m2/repository/io/zipkin/brave/brave-instrumentation-kafka-streams/5.12.3/brave-instrumentation-kafka-streams-5.12.3.jar:/home/padotec/.m2/repository/io/zipkin/brave/brave-instrumentation-httpclient/5.12.3/brave-instrumentation-httpclient-5.12.3.jar:/home/padotec/.m2/repository/io/zipkin/brave/brave-instrumentation-httpasyncclient/5.12.3/brave-instrumentation-httpasyncclient-5.12.3.jar:/home/padotec/.m2/repository/io/zipkin/brave/brave-instrumentation-spring-webmvc/5.12.3/brave-instrumentation-spring-webmvc-5.12.3.jar:/home/padotec/.m2/repository/io/zipkin/brave/brave-instrumentation-servlet/5.12.3/brave-instrumentation-servlet-5.12.3.jar:/home/padotec/.m2/repository/io/zipkin/brave/brave-instrumentation-jms/5.12.3/brave-instrumentation-jms-5.12.3.jar:/home/padotec/.m2/repository/io/zipkin/reporter2/zipkin-reporter-metrics-micrometer/2.15.0/zipkin-reporter-metrics-micrometer-2.15.0.jar:/home/padotec/.m2/repository/io/zipkin/reporter2/zipkin-reporter/2.15.0/zipkin-reporter-2.15.0.jar:/home/padotec/.m2/repository/io/zipkin/zipkin2/zipkin/2.21.1/zipkin-2.21.1.jar:/home/padotec/.m2/repository/org/springframework/cloud/spring-cloud-starter-netflix-ribbon/2.2.4.RELEASE/spring-cloud-starter-netflix-ribbon-2.2.4.RELEASE.jar:/home/padotec/.m2/repository/org/springframework/cloud/spring-cloud-netflix-ribbon/2.2.4.RELEASE/spring-cloud-netflix-ribbon-2.2.4.RELEASE.jar:/home/padotec/.m2/repository/org/springframework/cloud/spring-cloud-netflix-archaius/2.2.4.RELEASE/spring-cloud-netflix-archaius-2.2.4.RELEASE.jar:/home/padotec/.m2/repository/org/springframework/cloud/spring-cloud-starter-netflix-archaius/2.2.4.RELEASE/spring-cloud-starter-netflix-archaius-2.2.4.RELEASE.jar:/home/padotec/.m2/repository/commons-configuration/commons-configuration/1.8/commons-configuration-1.8.jar:/home/padotec/.m2/repository/com/netflix/ribbon/ribbon/2.3.0/ribbon-2.3.0.jar:/home/padotec/.m2/repository/com/netflix/ribbon/ribbon-transport/2.3.0/ribbon-transport-2.3.0.jar:/home/padotec/.m2/repository/io/reactivex/rxnetty-contexts/0.4.9/rxnetty-contexts-0.4.9.jar:/home/padotec/.m2/repository/io/reactivex/rxnetty-servo/0.4.9/rxnetty-servo-0.4.9.jar:/home/padotec/.m2/repository/javax/inject/javax.inject/1/javax.inject-1.jar:/home/padotec/.m2/repository/io/reactivex/rxnetty/0.4.9/rxnetty-0.4.9.jar:/home/padotec/.m2/repository/com/google/guava/guava/29.0-jre/guava-29.0-jre.jar:/home/padotec/.m2/repository/com/google/guava/failureaccess/1.0.1/failureaccess-1.0.1.jar:/home/padotec/.m2/repository/com/google/guava/listenablefuture/9999.0-empty-to-avoid-conflict-with-guava/listenablefuture-9999.0-empty-to-avoid-conflict-with-guava.jar:/home/padotec/.m2/repository/org/checkerframework/checker-qual/2.11.1/checker-qual-2.11.1.jar:/home/padotec/.m2/repository/com/google/errorprone/error_prone_annotations/2.3.4/error_prone_annotations-2.3.4.jar:/home/padotec/.m2/repository/com/google/j2objc/j2objc-annotations/1.3/j2objc-annotations-1.3.jar:/home/padotec/.m2/repository/com/netflix/ribbon/ribbon-core/2.3.0/ribbon-core-2.3.0.jar:/home/padotec/.m2/repository/commons-lang/commons-lang/2.6/commons-lang-2.6.jar:/home/padotec/.m2/repository/com/netflix/ribbon/ribbon-httpclient/2.3.0/ribbon-httpclient-2.3.0.jar:/home/padotec/.m2/repository/commons-collections/commons-collections/3.2.2/commons-collections-3.2.2.jar:/home/padotec/.m2/repository/org/apache/httpcomponents/httpclient/4.5.12/httpclient-4.5.12.jar:/home/padotec/.m2/repository/org/apache/httpcomponents/httpcore/4.4.13/httpcore-4.4.13.jar:/home/padotec/.m2/repository/commons-codec/commons-codec/1.14/commons-codec-1.14.jar:/home/padotec/.m2/repository/com/sun/jersey/jersey-client/1.19.1/jersey-client-1.19.1.jar:/home/padotec/.m2/repository/com/sun/jersey/jersey-core/1.19.1/jersey-core-1.19.1.jar:/home/padotec/.m2/repository/javax/ws/rs/jsr311-api/1.1.1/jsr311-api-1.1.1.jar:/home/padotec/.m2/repository/com/sun/jersey/contribs/jersey-apache-client4/1.19.1/jersey-apache-client4-1.19.1.jar:/home/padotec/.m2/repository/com/netflix/servo/servo-core/0.12.21/servo-core-0.12.21.jar:/home/padotec/.m2/repository/com/netflix/netflix-commons/netflix-commons-util/0.3.0/netflix-commons-util-0.3.0.jar:/home/padotec/.m2/repository/com/netflix/ribbon/ribbon-loadbalancer/2.3.0/ribbon-loadbalancer-2.3.0.jar:/home/padotec/.m2/repository/com/netflix/netflix-commons/netflix-statistics/0.1.1/netflix-statistics-0.1.1.jar:/home/padotec/.m2/repository/io/reactivex/rxjava/1.3.8/rxjava-1.3.8.jar:/home/padotec/.m2/repository/org/springframework/cloud/spring-cloud-starter-kubernetes-all/1.1.5.RELEASE/spring-cloud-starter-kubernetes-all-1.1.5.RELEASE.jar:/home/padotec/.m2/repository/org/springframework/cloud/spring-cloud-kubernetes-core/1.1.5.RELEASE/spring-cloud-kubernetes-core-1.1.5.RELEASE.jar:/home/padotec/.m2/repository/io/fabric8/kubernetes-client/4.10.3/kubernetes-client-4.10.3.jar:/home/padotec/.m2/repository/io/fabric8/kubernetes-model-core/4.10.3/kubernetes-model-core-4.10.3.jar:/home/padotec/.m2/repository/io/fabric8/kubernetes-model-common/4.10.3/kubernetes-model-common-4.10.3.jar:/home/padotec/.m2/repository/com/fasterxml/jackson/module/jackson-module-jaxb-annotations/2.11.2/jackson-module-jaxb-annotations-2.11.2.jar:/home/padotec/.m2/repository/jakarta/activation/jakarta.activation-api/1.2.2/jakarta.activation-api-1.2.2.jar:/home/padotec/.m2/repository/javax/annotation/javax.annotation-api/1.3.2/javax.annotation-api-1.3.2.jar:/home/padotec/.m2/repository/io/fabric8/kubernetes-model-rbac/4.10.3/kubernetes-model-rbac-4.10.3.jar:/home/padotec/.m2/repository/io/fabric8/kubernetes-model-admissionregistration/4.10.3/kubernetes-model-admissionregistration-4.10.3.jar:/home/padotec/.m2/repository/io/fabric8/kubernetes-model-apps/4.10.3/kubernetes-model-apps-4.10.3.jar:/home/padotec/.m2/repository/io/fabric8/kubernetes-model-autoscaling/4.10.3/kubernetes-model-autoscaling-4.10.3.jar:/home/padotec/.m2/repository/io/fabric8/kubernetes-model-apiextensions/4.10.3/kubernetes-model-apiextensions-4.10.3.jar:/home/padotec/.m2/repository/io/fabric8/kubernetes-model-batch/4.10.3/kubernetes-model-batch-4.10.3.jar:/home/padotec/.m2/repository/io/fabric8/kubernetes-model-certificates/4.10.3/kubernetes-model-certificates-4.10.3.jar:/home/padotec/.m2/repository/io/fabric8/kubernetes-model-coordination/4.10.3/kubernetes-model-coordination-4.10.3.jar:/home/padotec/.m2/repository/io/fabric8/kubernetes-model-discovery/4.10.3/kubernetes-model-discovery-4.10.3.jar:/home/padotec/.m2/repository/io/fabric8/kubernetes-model-events/4.10.3/kubernetes-model-events-4.10.3.jar:/home/padotec/.m2/repository/io/fabric8/kubernetes-model-extensions/4.10.3/kubernetes-model-extensions-4.10.3.jar:/home/padotec/.m2/repository/io/fabric8/kubernetes-model-networking/4.10.3/kubernetes-model-networking-4.10.3.jar:/home/padotec/.m2/repository/io/fabric8/kubernetes-model-metrics/4.10.3/kubernetes-model-metrics-4.10.3.jar:/home/padotec/.m2/repository/io/fabric8/kubernetes-model-policy/4.10.3/kubernetes-model-policy-4.10.3.jar:/home/padotec/.m2/repository/io/fabric8/kubernetes-model-scheduling/4.10.3/kubernetes-model-scheduling-4.10.3.jar:/home/padotec/.m2/repository/io/fabric8/kubernetes-model-settings/4.10.3/kubernetes-model-settings-4.10.3.jar:/home/padotec/.m2/repository/io/fabric8/kubernetes-model-storageclass/4.10.3/kubernetes-model-storageclass-4.10.3.jar:/home/padotec/.m2/repository/io/fabric8/openshift-model/4.10.3/openshift-model-4.10.3.jar:/home/padotec/.m2/repository/com/squareup/okhttp3/okhttp/3.14.9/okhttp-3.14.9.jar:/home/padotec/.m2/repository/com/squareup/okio/okio/1.17.2/okio-1.17.2.jar:/home/padotec/.m2/repository/com/squareup/okhttp3/logging-interceptor/3.14.9/logging-interceptor-3.14.9.jar:/home/padotec/.m2/repository/com/fasterxml/jackson/dataformat/jackson-dataformat-yaml/2.11.2/jackson-dataformat-yaml-2.11.2.jar:/home/padotec/.m2/repository/io/fabric8/zjsonpatch/0.3.0/zjsonpatch-0.3.0.jar:/home/padotec/.m2/repository/com/github/mifmif/generex/1.0.2/generex-1.0.2.jar:/home/padotec/.m2/repository/dk/brics/automaton/automaton/1.11-8/automaton-1.11-8.jar:/home/padotec/.m2/repository/org/springframework/cloud/spring-cloud-kubernetes-config/1.1.5.RELEASE/spring-cloud-kubernetes-config-1.1.5.RELEASE.jar:/home/padotec/.m2/repository/org/springframework/cloud/spring-cloud-kubernetes-discovery/1.1.5.RELEASE/spring-cloud-kubernetes-discovery-1.1.5.RELEASE.jar:/home/padotec/.m2/repository/org/springframework/cloud/spring-cloud-kubernetes-ribbon/1.1.5.RELEASE/spring-cloud-kubernetes-ribbon-1.1.5.RELEASE.jar:/home/padotec/.m2/repository/org/springframework/boot/spring-boot-starter-actuator/2.3.3.RELEASE/spring-boot-starter-actuator-2.3.3.RELEASE.jar:/home/padotec/.m2/repository/org/springframework/boot/spring-boot-actuator-autoconfigure/2.3.3.RELEASE/spring-boot-actuator-autoconfigure-2.3.3.RELEASE.jar:/home/padotec/.m2/repository/org/springframework/boot/spring-boot-actuator/2.3.3.RELEASE/spring-boot-actuator-2.3.3.RELEASE.jar:/home/padotec/.m2/repository/io/micrometer/micrometer-core/1.5.4/micrometer-core-1.5.4.jar:/home/padotec/.m2/repository/org/hdrhistogram/HdrHistogram/2.1.12/HdrHistogram-2.1.12.jar:/home/padotec/.m2/repository/org/latencyutils/LatencyUtils/2.0.3/LatencyUtils-2.0.3.jar:/home/padotec/.m2/repository/org/springframework/boot/spring-boot-devtools/2.3.3.RELEASE/spring-boot-devtools-2.3.3.RELEASE.jar:/home/padotec/.m2/repository/org/springframework/boot/spring-boot/2.3.3.RELEASE/spring-boot-2.3.3.RELEASE.jar:/home/padotec/.m2/repository/org/springframework/boot/spring-boot-autoconfigure/2.3.3.RELEASE/spring-boot-autoconfigure-2.3.3.RELEASE.jar:/home/padotec/.m2/repository/com/h2database/h2/1.4.200/h2-1.4.200.jar:/home/padotec/.m2/repository/javax/xml/bind/jaxb-api/2.3.1/jaxb-api-2.3.1.jar:/home/padotec/.m2/repository/javax/activation/javax.activation-api/1.2.0/javax.activation-api-1.2.0.jar:/home/padotec/.m2/repository/com/sun/xml/bind/jaxb-impl/2.3.1/jaxb-impl-2.3.1.jar:/home/padotec/.m2/repository/org/glassfish/jaxb/jaxb-runtime/2.3.3/jaxb-runtime-2.3.3.jar:/home/padotec/.m2/repository/jakarta/xml/bind/jakarta.xml.bind-api/2.3.3/jakarta.xml.bind-api-2.3.3.jar:/home/padotec/.m2/repository/org/glassfish/jaxb/txw2/2.3.3/txw2-2.3.3.jar:/home/padotec/.m2/repository/com/sun/istack/istack-commons-runtime/3.0.11/istack-commons-runtime-3.0.11.jar:/home/padotec/.m2/repository/com/sun/activation/jakarta.activation/1.2.2/jakarta.activation-1.2.2.jar:/home/padotec/.m2/repository/javax/activation/activation/1.1.1/activation-1.1.1.jar:/home/padotec/.m2/repository/org/springframework/boot/spring-boot-starter-test/2.3.3.RELEASE/spring-boot-starter-test-2.3.3.RELEASE.jar:/home/padotec/.m2/repository/org/springframework/boot/spring-boot-test/2.3.3.RELEASE/spring-boot-test-2.3.3.RELEASE.jar:/home/padotec/.m2/repository/org/springframework/boot/spring-boot-test-autoconfigure/2.3.3.RELEASE/spring-boot-test-autoconfigure-2.3.3.RELEASE.jar:/home/padotec/.m2/repository/com/jayway/jsonpath/json-path/2.4.0/json-path-2.4.0.jar:/home/padotec/.m2/repository/net/minidev/json-smart/2.3/json-smart-2.3.jar:/home/padotec/.m2/repository/net/minidev/accessors-smart/1.2/accessors-smart-1.2.jar:/home/padotec/.m2/repository/org/ow2/asm/asm/5.0.4/asm-5.0.4.jar:/home/padotec/.m2/repository/org/assertj/assertj-core/3.16.1/assertj-core-3.16.1.jar:/home/padotec/.m2/repository/org/hamcrest/hamcrest/2.2/hamcrest-2.2.jar:/home/padotec/.m2/repository/org/junit/jupiter/junit-jupiter/5.6.2/junit-jupiter-5.6.2.jar:/home/padotec/.m2/repository/org/junit/jupiter/junit-jupiter-api/5.6.2/junit-jupiter-api-5.6.2.jar:/home/padotec/.m2/repository/org/opentest4j/opentest4j/1.2.0/opentest4j-1.2.0.jar:/home/padotec/.m2/repository/org/junit/platform/junit-platform-commons/1.6.2/junit-platform-commons-1.6.2.jar:/home/padotec/.m2/repository/org/junit/jupiter/junit-jupiter-params/5.6.2/junit-jupiter-params-5.6.2.jar:/home/padotec/.m2/repository/org/junit/jupiter/junit-jupiter-engine/5.6.2/junit-jupiter-engine-5.6.2.jar:/home/padotec/.m2/repository/org/junit/vintage/junit-vintage-engine/5.6.2/junit-vintage-engine-5.6.2.jar:/home/padotec/.m2/repository/org/apiguardian/apiguardian-api/1.1.0/apiguardian-api-1.1.0.jar:/home/padotec/.m2/repository/org/junit/platform/junit-platform-engine/1.6.2/junit-platform-engine-1.6.2.jar:/home/padotec/.m2/repository/junit/junit/4.13/junit-4.13.jar:/home/padotec/.m2/repository/org/mockito/mockito-core/3.3.3/mockito-core-3.3.3.jar:/home/padotec/.m2/repository/net/bytebuddy/byte-buddy-agent/1.10.14/byte-buddy-agent-1.10.14.jar:/home/padotec/.m2/repository/org/objenesis/objenesis/2.6/objenesis-2.6.jar:/home/padotec/.m2/repository/org/mockito/mockito-junit-jupiter/3.3.3/mockito-junit-jupiter-3.3.3.jar:/home/padotec/.m2/repository/org/skyscreamer/jsonassert/1.5.0/jsonassert-1.5.0.jar:/home/padotec/.m2/repository/com/vaadin/external/google/android-json/0.0.20131108.vaadin1/android-json-0.0.20131108.vaadin1.jar:/home/padotec/.m2/repository/org/springframework/spring-core/5.2.8.RELEASE/spring-core-5.2.8.RELEASE.jar:/home/padotec/.m2/repository/org/springframework/spring-jcl/5.2.8.RELEASE/spring-jcl-5.2.8.RELEASE.jar:/home/padotec/.m2/repository/org/springframework/spring-test/5.2.8.RELEASE/spring-test-5.2.8.RELEASE.jar:/home/padotec/.m2/repository/org/xmlunit/xmlunit-core/2.7.0/xmlunit-core-2.7.0.jar:"/>
    <property name="sun.cpu.endian" value="little"/>
    <property name="user.home" value="/home/padotec"/>
    <property name="user.language" value="pt"/>
    <property name="java.specification.vendor" value="Oracle Corporation"/>
    <property name="java.version.date" value="2020-11-04"/>
    <property name="java.home" value="/usr/lib/jvm/java-11-openjdk-amd64"/>
    <property name="file.separator" value="/"/>
    <property name="basedir" value="/home/padotec/Github/Kubernetes_GPC-AWS-AZURE/06-currency-conversion-cloud"/>
    <property name="java.vm.compressedOopsMode" value="Zero based"/>
    <property name="line.separator" value="&#10;"/>
    <property name="java.specification.name" value="Java Platform API Specification"/>
    <property name="java.vm.specification.vendor" value="Oracle Corporation"/>
    <property name="java.awt.graphicsenv" value="sun.awt.X11GraphicsEnvironment"/>
    <property name="surefire.real.class.path" value="/home/padotec/Github/Kubernetes_GPC-AWS-AZURE/06-currency-conversion-cloud/target/surefire/surefirebooter10236817522131052307.jar"/>
    <property name="sun.management.compiler" value="HotSpot 64-Bit Tiered Compilers"/>
    <property name="java.runtime.version" value="11.0.9.1+1-post-Debian-1deb10u2"/>
    <property name="user.name" value="padotec"/>
    <property name="path.separator" value=":"/>
    <property name="os.version" value="4.19.0-13-amd64"/>
    <property name="java.runtime.name" value="OpenJDK Runtime Environment"/>
    <property name="file.encoding" value="UTF-8"/>
    <property name="java.vm.name" value="OpenJDK 64-Bit Server VM"/>
    <property name="localRepository" value="/home/padotec/.m2/repository"/>
    <property name="java.vendor.url.bug" value="https://bugs.debian.org/openjdk-11"/>
    <property name="java.io.tmpdir" value="/tmp"/>
    <property name="idea.version" value="2020.3.1"/>
    <property name="java.version" value="11.0.9.1"/>
    <property name="user.dir" value="/home/padotec/Github/Kubernetes_GPC-AWS-AZURE/06-currency-conversion-cloud"/>
    <property name="os.arch" value="amd64"/>
    <property name="java.vm.specification.name" value="Java Virtual Machine Specification"/>
    <property name="java.awt.printerjob" value="sun.print.PSPrinterJob"/>
    <property name="sun.os.patch.level" value="unknown"/>
    <property name="java.library.path" value="/usr/java/packages/lib:/usr/lib/x86_64-linux-gnu/jni:/lib/x86_64-linux-gnu:/usr/lib/x86_64-linux-gnu:/usr/lib/jni:/lib:/usr/lib"/>
    <property name="java.vm.info" value="mixed mode, sharing"/>
    <property name="java.vendor" value="Debian"/>
    <property name="java.vm.version" value="11.0.9.1+1-post-Debian-1deb10u2"/>
    <property name="sun.io.unicode.encoding" value="UnicodeLittle"/>
    <property name="java.class.version" value="55.0"/>
  </properties>
  <testcase name="contextLoads" classname="dev.evertonsavio.microservices.currencyconversionservice.CurrencyConversionServiceApplicationTests" time="0.115"/>
</testsuite>