<?xml version="1.0" encoding="UTF-8"?>
<testsuite xmlns:xsi="http://www.w3.org/2001/XMLSchema-instance" xsi:noNamespaceSchemaLocation="https://maven.apache.org/surefire/maven-surefire-plugin/xsd/surefire-test-report.xsd" name="dev.evertonsavio.microservices.currencyexchangeservice.CurrencyExchangeServiceApplicationTests" time="3.805" tests="1" errors="0" skipped="0" failures="0">
  <properties>
    <property name="sun.desktop" value="gnome"/>
    <property name="awt.toolkit" value="sun.awt.X11.XToolkit"/>
    <property name="java.specification.version" value="11"/>
    <property name="sun.cpu.isalist" value=""/>
    <property name="sun.jnu.encoding" value="UTF-8"/>
    <property name="java.class.path" value="/home/padotec/Github/Kubernetes_GPC-AWS-AZURE/07-currency-exchange-stackdriver/target/test-classes:/home/padotec/Github/Kubernetes_GPC-AWS-AZURE/07-currency-exchange-stackdriver/target/classes:/home/padotec/.m2/repository/org/springframework/boot/spring-boot-starter-web/2.3.3.RELEASE/spring-boot-starter-web-2.3.3.RELEASE.jar:/home/padotec/.m2/repository/org/springframework/boot/spring-boot-starter/2.3.3.RELEASE/spring-boot-starter-2.3.3.RELEASE.jar:/home/padotec/.m2/repository/org/springframework/boot/spring-boot-starter-logging/2.3.3.RELEASE/spring-boot-starter-logging-2.3.3.RELEASE.jar:/home/padotec/.m2/repository/ch/qos/logback/logback-classic/1.2.3/logback-classic-1.2.3.jar:/home/padotec/.m2/repository/org/apache/logging/log4j/log4j-to-slf4j/2.13.3/log4j-to-slf4j-2.13.3.jar:/home/padotec/.m2/repository/org/apache/logging/log4j/log4j-api/2.13.3/log4j-api-2.13.3.jar:/home/padotec/.m2/repository/org/slf4j/jul-to-slf4j/1.7.30/jul-to-slf4j-1.7.30.jar:/home/padotec/.m2/repository/jakarta/annotation/jakarta.annotation-api/1.3.5/jakarta.annotation-api-1.3.5.jar:/home/padotec/.m2/repository/org/yaml/snakeyaml/1.26/snakeyaml-1.26.jar:/home/padotec/.m2/repository/org/springframework/boot/spring-boot-starter-json/2.3.3.RELEASE/spring-boot-starter-json-2.3.3.RELEASE.jar:/home/padotec/.m2/repository/com/fasterxml/jackson/core/jackson-databind/2.11.2/jackson-databind-2.11.2.jar:/home/padotec/.m2/repository/com/fasterxml/jackson/core/jackson-annotations/2.11.2/jackson-annotations-2.11.2.jar:/home/padotec/.m2/repository/com/fasterxml/jackson/core/jackson-core/2.11.2/jackson-core-2.11.2.jar:/home/padotec/.m2/repository/com/fasterxml/jackson/datatype/jackson-datatype-jdk8/2.11.2/jackson-datatype-jdk8-2.11.2.jar:/home/padotec/.m2/repository/com/fasterxml/jackson/datatype/jackson-datatype-jsr310/2.11.2/jackson-datatype-jsr310-2.11.2.jar:/home/padotec/.m2/repository/com/fasterxml/jackson/module/jackson-module-parameter-names/2.11.2/jackson-module-parameter-names-2.11.2.jar:/home/padotec/.m2/repository/org/springframework/boot/spring-boot-starter-tomcat/2.3.3.RELEASE/spring-boot-starter-tomcat-2.3.3.RELEASE.jar:/home/padotec/.m2/repository/org/apache/tomcat/embed/tomcat-embed-core/9.0.37/tomcat-embed-core-9.0.37.jar:/home/padotec/.m2/repository/org/glassfish/jakarta.el/3.0.3/jakarta.el-3.0.3.jar:/home/padotec/.m2/repository/org/apache/tomcat/embed/tomcat-embed-websocket/9.0.37/tomcat-embed-websocket-9.0.37.jar:/home/padotec/.m2/repository/org/springframework/spring-web/5.2.8.RELEASE/spring-web-5.2.8.RELEASE.jar:/home/padotec/.m2/repository/org/springframework/spring-beans/5.2.8.RELEASE/spring-beans-5.2.8.RELEASE.jar:/home/padotec/.m2/repository/org/springframework/spring-webmvc/5.2.8.RELEASE/spring-webmvc-5.2.8.RELEASE.jar:/home/padotec/.m2/repository/org/springframework/spring-context/5.2.8.RELEASE/spring-context-5.2.8.RELEASE.jar:/home/padotec/.m2/repository/org/springframework/spring-expression/5.2.8.RELEASE/spring-expression-5.2.8.RELEASE.jar:/home/padotec/.m2/repository/org/springframework/boot/spring-boot-starter-data-jpa/2.3.3.RELEASE/spring-boot-starter-data-jpa-2.3.3.RELEASE.jar:/home/padotec/.m2/repository/org/springframework/boot/spring-boot-starter-aop/2.3.3.RELEASE/spring-boot-starter-aop-2.3.3.RELEASE.jar:/home/padotec/.m2/repository/org/aspectj/aspectjweaver/1.9.6/aspectjweaver-1.9.6.jar:/home/padotec/.m2/repository/org/springframework/boot/spring-boot-starter-jdbc/2.3.3.RELEASE/spring-boot-starter-jdbc-2.3.3.RELEASE.jar:/home/padotec/.m2/repository/com/zaxxer/HikariCP/3.4.5/HikariCP-3.4.5.jar:/home/padotec/.m2/repository/org/springframework/spring-jdbc/5.2.8.RELEASE/spring-jdbc-5.2.8.RELEASE.jar:/home/padotec/.m2/repository/jakarta/transaction/jakarta.transaction-api/1.3.3/jakarta.transaction-api-1.3.3.jar:/home/padotec/.m2/repository/jakarta/persistence/jakarta.persistence-api/2.2.3/jakarta.persistence-api-2.2.3.jar:/home/padotec/.m2/repository/org/hibernate/hibernate-core/5.4.20.Final/hibernate-core-5.4.20.Final.jar:/home/padotec/.m2/repository/org/jboss/logging/jboss-logging/3.4.1.Final/jboss-logging-3.4.1.Final.jar:/home/padotec/.m2/repository/org/javassist/javassist/3.24.0-GA/javassist-3.24.0-GA.jar:/home/padotec/.m2/repository/net/bytebuddy/byte-buddy/1.10.14/byte-buddy-1.10.14.jar:/home/padotec/.m2/repository/antlr/antlr/2.7.7/antlr-2.7.7.jar:/home/padotec/.m2/repository/org/jboss/jandex/2.1.3.Final/jandex-2.1.3.Final.jar:/home/padotec/.m2/repository/com/fasterxml/classmate/1.5.1/classmate-1.5.1.jar:/home/padotec/.m2/repository/org/dom4j/dom4j/2.1.3/dom4j-2.1.3.jar:/home/padotec/.m2/repository/org/hibernate/common/hibernate-commons-annotations/5.1.0.Final/hibernate-commons-annotations-5.1.0.Final.jar:/home/padotec/.m2/repository/org/springframework/data/spring-data-jpa/2.3.3.RELEASE/spring-data-jpa-2.3.3.RELEASE.jar:/home/padotec/.m2/repository/org/springframework/data/spring-data-commons/2.3.3.RELEASE/spring-data-commons-2.3.3.RELEASE.jar:/home/padotec/.m2/repository/org/springframework/spring-orm/5.2.8.RELEASE/spring-orm-5.2.8.RELEASE.jar:/home/padotec/.m2/repository/org/springframework/spring-tx/5.2.8.RELEASE/spring-tx-5.2.8.RELEASE.jar:/home/padotec/.m2/repository/org/springframework/spring-aspects/5.2.8.RELEASE/spring-aspects-5.2.8.RELEASE.jar:/home/padotec/.m2/repository/org/springframework/boot/spring-boot-starter-security/2.3.3.RELEASE/spring-boot-starter-security-2.3.3.RELEASE.jar:/home/padotec/.m2/repository/org/springframework/spring-aop/5.2.8.RELEASE/spring-aop-5.2.8.RELEASE.jar:/home/padotec/.m2/repository/org/springframework/security/spring-security-config/5.3.4.RELEASE/spring-security-config-5.3.4.RELEASE.jar:/home/padotec/.m2/repository/org/springframework/security/spring-security-core/5.3.4.RELEASE/spring-security-core-5.3.4.RELEASE.jar:/home/padotec/.m2/repository/org/springframework/security/spring-security-web/5.3.4.RELEASE/spring-security-web-5.3.4.RELEASE.jar:/home/padotec/.m2/repository/org/springframework/cloud/spring-cloud-starter-sleuth/2.2.4.RELEASE/spring-cloud-starter-sleuth-2.2.4.RELEASE.jar:/home/padotec/.m2/repository/org/springframework/cloud/spring-cloud-starter/2.2.4.RELEASE/spring-cloud-starter-2.2.4.RELEASE.jar:/home/padotec/.m2/repository/org/springframework/cloud/spring-cloud-context/2.2.4.RELEASE/spring-cloud-context-2.2.4.RELEASE.jar:/home/padotec/.m2/repository/org/springframework/security/spring-security-crypto/5.3.4.RELEASE/spring-security-crypto-5.3.4.RELEASE.jar:/home/padotec/.m2/repository/org/springframework/cloud/spring-cloud-commons/2.2.4.RELEASE/spring-cloud-commons-2.2.4.RELEASE.jar:/home/padotec/.m2/repository/org/springframework/security/spring-security-rsa/1.0.9.RELEASE/spring-security-rsa-1.0.9.RELEASE.jar:/home/padotec/.m2/repository/org/bouncycastle/bcpkix-jdk15on/1.64/bcpkix-jdk15on-1.64.jar:/home/padotec/.m2/repository/org/bouncycastle/bcprov-jdk15on/1.64/bcprov-jdk15on-1.64.jar:/home/padotec/.m2/repository/org/springframework/cloud/spring-cloud-sleuth-core/2.2.4.RELEASE/spring-cloud-sleuth-core-2.2.4.RELEASE.jar:/home/padotec/.m2/repository/org/aspectj/aspectjrt/1.9.6/aspectjrt-1.9.6.jar:/home/padotec/.m2/repository/io/zipkin/brave/brave/5.12.3/brave-5.12.3.jar:/home/padotec/.m2/repository/io/zipkin/reporter2/zipkin-reporter-brave/2.15.0/zipkin-reporter-brave-2.15.0.jar:/home/padotec/.m2/repository/io/zipkin/brave/brave-context-slf4j/5.12.3/brave-context-slf4j-5.12.3.jar:/home/padotec/.m2/repository/io/zipkin/brave/brave-instrumentation-messaging/5.12.3/brave-instrumentation-messaging-5.12.3.jar:/home/padotec/.m2/repository/io/zipkin/brave/brave-instrumentation-rpc/5.12.3/brave-instrumentation-rpc-5.12.3.jar:/home/padotec/.m2/repository/io/zipkin/brave/brave-instrumentation-spring-web/5.12.3/brave-instrumentation-spring-web-5.12.3.jar:/home/padotec/.m2/repository/io/zipkin/brave/brave-instrumentation-http/5.12.3/brave-instrumentation-http-5.12.3.jar:/home/padotec/.m2/repository/io/zipkin/brave/brave-instrumentation-spring-rabbit/5.12.3/brave-instrumentation-spring-rabbit-5.12.3.jar:/home/padotec/.m2/repository/io/zipkin/brave/brave-instrumentation-kafka-clients/5.12.3/brave-instrumentation-kafka-clients-5.12.3.jar:/home/padotec/.m2/repository/io/zipkin/brave/brave-instrumentation-kafka-streams/5.12.3/brave-instrumentation-kafka-streams-5.12.3.jar:/home/padotec/.m2/repository/io/zipkin/brave/brave-instrumentation-httpclient/5.12.3/brave-instrumentation-httpclient-5.12.3.jar:/home/padotec/.m2/repository/io/zipkin/brave/brave-instrumentation-httpasyncclient/5.12.3/brave-instrumentation-httpasyncclient-5.12.3.jar:/home/padotec/.m2/repository/io/zipkin/brave/brave-instrumentation-spring-webmvc/5.12.3/brave-instrumentation-spring-webmvc-5.12.3.jar:/home/padotec/.m2/repository/io/zipkin/brave/brave-instrumentation-servlet/5.12.3/brave-instrumentation-servlet-5.12.3.jar:/home/padotec/.m2/repository/io/zipkin/brave/brave-instrumentation-jms/5.12.3/brave-instrumentation-jms-5.12.3.jar:/home/padotec/.m2/repository/io/zipkin/reporter2/zipkin-reporter-metrics-micrometer/2.15.0/zipkin-reporter-metrics-micrometer-2.15.0.jar:/home/padotec/.m2/repository/io/zipkin/zipkin2/zipkin/2.21.1/zipkin-2.21.1.jar:/home/padotec/.m2/repository/org/springframework/cloud/spring-cloud-gcp-starter-trace/1.2.4.RELEASE/spring-cloud-gcp-starter-trace-1.2.4.RELEASE.jar:/home/padotec/.m2/repository/org/springframework/cloud/spring-cloud-gcp-starter/1.2.4.RELEASE/spring-cloud-gcp-starter-1.2.4.RELEASE.jar:/home/padotec/.m2/repository/org/springframework/cloud/spring-cloud-gcp-core/1.2.4.RELEASE/spring-cloud-gcp-core-1.2.4.RELEASE.jar:/home/padotec/.m2/repository/org/springframework/cloud/spring-cloud-gcp-autoconfigure/1.2.4.RELEASE/spring-cloud-gcp-autoconfigure-1.2.4.RELEASE.jar:/home/padotec/.m2/repository/io/zipkin/gcp/zipkin-sender-stackdriver/0.17.0/zipkin-sender-stackdriver-0.17.0.jar:/home/padotec/.m2/repository/io/zipkin/gcp/zipkin-translation-stackdriver/0.17.0/zipkin-translation-stackdriver-0.17.0.jar:/home/padotec/.m2/repository/com/google/api/grpc/proto-google-common-protos/1.18.0/proto-google-common-protos-1.18.0.jar:/home/padotec/.m2/repository/com/google/api/grpc/proto-google-cloud-trace-v2/1.1.0/proto-google-cloud-trace-v2-1.1.0.jar:/home/padotec/.m2/repository/io/zipkin/reporter2/zipkin-reporter/2.15.0/zipkin-reporter-2.15.0.jar:/home/padotec/.m2/repository/com/google/api/grpc/grpc-google-cloud-trace-v2/1.1.0/grpc-google-cloud-trace-v2-1.1.0.jar:/home/padotec/.m2/repository/io/grpc/grpc-context/1.30.2/grpc-context-1.30.2.jar:/home/padotec/.m2/repository/com/google/code/findbugs/jsr305/3.0.2/jsr305-3.0.2.jar:/home/padotec/.m2/repository/org/codehaus/mojo/animal-sniffer-annotations/1.18/animal-sniffer-annotations-1.18.jar:/home/padotec/.m2/repository/io/grpc/grpc-stub/1.30.2/grpc-stub-1.30.2.jar:/home/padotec/.m2/repository/com/google/errorprone/error_prone_annotations/2.3.4/error_prone_annotations-2.3.4.jar:/home/padotec/.m2/repository/io/grpc/grpc-protobuf-lite/1.30.0/grpc-protobuf-lite-1.30.0.jar:/home/padotec/.m2/repository/javax/annotation/javax.annotation-api/1.3.2/javax.annotation-api-1.3.2.jar:/home/padotec/.m2/repository/com/google/auto/value/auto-value-annotations/1.7.2/auto-value-annotations-1.7.2.jar:/home/padotec/.m2/repository/com/google/guava/failureaccess/1.0.1/failureaccess-1.0.1.jar:/home/padotec/.m2/repository/com/google/guava/listenablefuture/9999.0-empty-to-avoid-conflict-with-guava/listenablefuture-9999.0-empty-to-avoid-conflict-with-guava.jar:/home/padotec/.m2/repository/org/checkerframework/checker-compat-qual/2.5.5/checker-compat-qual-2.5.5.jar:/home/padotec/.m2/repository/com/google/j2objc/j2objc-annotations/1.3/j2objc-annotations-1.3.jar:/home/padotec/.m2/repository/io/zipkin/gcp/brave-propagation-stackdriver/0.17.0/brave-propagation-stackdriver-0.17.0.jar:/home/padotec/.m2/repository/com/google/cloud/google-cloud-core-grpc/1.93.7/google-cloud-core-grpc-1.93.7.jar:/home/padotec/.m2/repository/com/google/auth/google-auth-library-credentials/0.21.1/google-auth-library-credentials-0.21.1.jar:/home/padotec/.m2/repository/com/google/cloud/google-cloud-core/1.93.7/google-cloud-core-1.93.7.jar:/home/padotec/.m2/repository/com/google/protobuf/protobuf-java-util/3.12.2/protobuf-java-util-3.12.2.jar:/home/padotec/.m2/repository/com/google/api/grpc/proto-google-iam-v1/0.13.0/proto-google-iam-v1-0.13.0.jar:/home/padotec/.m2/repository/org/threeten/threetenbp/1.4.4/threetenbp-1.4.4.jar:/home/padotec/.m2/repository/com/google/auth/google-auth-library-oauth2-http/0.21.1/google-auth-library-oauth2-http-0.21.1.jar:/home/padotec/.m2/repository/com/google/http-client/google-http-client-jackson2/1.36.0/google-http-client-jackson2-1.36.0.jar:/home/padotec/.m2/repository/com/google/protobuf/protobuf-java/3.12.2/protobuf-java-3.12.2.jar:/home/padotec/.m2/repository/com/google/guava/guava/29.0-jre/guava-29.0-jre.jar:/home/padotec/.m2/repository/org/checkerframework/checker-qual/2.11.1/checker-qual-2.11.1.jar:/home/padotec/.m2/repository/com/google/api/gax/1.57.1/gax-1.57.1.jar:/home/padotec/.m2/repository/io/opencensus/opencensus-api/0.24.0/opencensus-api-0.24.0.jar:/home/padotec/.m2/repository/com/google/api/gax-grpc/1.57.1/gax-grpc-1.57.1.jar:/home/padotec/.m2/repository/io/grpc/grpc-auth/1.30.2/grpc-auth-1.30.2.jar:/home/padotec/.m2/repository/io/grpc/grpc-protobuf/1.30.2/grpc-protobuf-1.30.2.jar:/home/padotec/.m2/repository/io/grpc/grpc-netty-shaded/1.30.2/grpc-netty-shaded-1.30.2.jar:/home/padotec/.m2/repository/io/grpc/grpc-alts/1.30.2/grpc-alts-1.30.2.jar:/home/padotec/.m2/repository/com/google/api/api-common/1.9.3/api-common-1.9.3.jar:/home/padotec/.m2/repository/io/grpc/grpc-api/1.30.2/grpc-api-1.30.2.jar:/home/padotec/.m2/repository/io/grpc/grpc-core/1.30.2/grpc-core-1.30.2.jar:/home/padotec/.m2/repository/com/google/code/gson/gson/2.8.6/gson-2.8.6.jar:/home/padotec/.m2/repository/com/google/android/annotations/4.1.1.4/annotations-4.1.1.4.jar:/home/padotec/.m2/repository/io/perfmark/perfmark-api/0.19.0/perfmark-api-0.19.0.jar:/home/padotec/.m2/repository/com/google/http-client/google-http-client/1.36.0/google-http-client-1.36.0.jar:/home/padotec/.m2/repository/org/apache/httpcomponents/httpclient/4.5.12/httpclient-4.5.12.jar:/home/padotec/.m2/repository/org/apache/httpcomponents/httpcore/4.4.13/httpcore-4.4.13.jar:/home/padotec/.m2/repository/io/opencensus/opencensus-contrib-http-util/0.24.0/opencensus-contrib-http-util-0.24.0.jar:/home/padotec/.m2/repository/org/slf4j/slf4j-api/1.7.30/slf4j-api-1.7.30.jar:/home/padotec/.m2/repository/org/springframework/cloud/spring-cloud-gcp-starter-logging/1.2.4.RELEASE/spring-cloud-gcp-starter-logging-1.2.4.RELEASE.jar:/home/padotec/.m2/repository/org/springframework/cloud/spring-cloud-gcp-logging/1.2.4.RELEASE/spring-cloud-gcp-logging-1.2.4.RELEASE.jar:/home/padotec/.m2/repository/ch/qos/logback/contrib/logback-json-classic/0.1.5/logback-json-classic-0.1.5.jar:/home/padotec/.m2/repository/ch/qos/logback/contrib/logback-json-core/0.1.5/logback-json-core-0.1.5.jar:/home/padotec/.m2/repository/com/google/cloud/google-cloud-logging-logback/0.118.0-alpha/google-cloud-logging-logback-0.118.0-alpha.jar:/home/padotec/.m2/repository/ch/qos/logback/logback-core/1.2.3/logback-core-1.2.3.jar:/home/padotec/.m2/repository/com/google/cloud/google-cloud-logging/1.101.2/google-cloud-logging-1.101.2.jar:/home/padotec/.m2/repository/com/google/api/grpc/proto-google-cloud-logging-v2/0.84.2/proto-google-cloud-logging-v2-0.84.2.jar:/home/padotec/.m2/repository/io/grpc/grpc-grpclb/1.30.2/grpc-grpclb-1.30.2.jar:/home/padotec/.m2/repository/org/apache/commons/commons-lang3/3.10/commons-lang3-3.10.jar:/home/padotec/.m2/repository/org/conscrypt/conscrypt-openjdk-uber/2.2.1/conscrypt-openjdk-uber-2.2.1.jar:/home/padotec/.m2/repository/commons-logging/commons-logging/1.2/commons-logging-1.2.jar:/home/padotec/.m2/repository/commons-codec/commons-codec/1.14/commons-codec-1.14.jar:/home/padotec/.m2/repository/org/springframework/boot/spring-boot-starter-actuator/2.3.3.RELEASE/spring-boot-starter-actuator-2.3.3.RELEASE.jar:/home/padotec/.m2/repository/org/springframework/boot/spring-boot-actuator-autoconfigure/2.3.3.RELEASE/spring-boot-actuator-autoconfigure-2.3.3.RELEASE.jar:/home/padotec/.m2/repository/org/springframework/boot/spring-boot-actuator/2.3.3.RELEASE/spring-boot-actuator-2.3.3.RELEASE.jar:/home/padotec/.m2/repository/io/micrometer/micrometer-core/1.5.4/micrometer-core-1.5.4.jar:/home/padotec/.m2/repository/org/hdrhistogram/HdrHistogram/2.1.12/HdrHistogram-2.1.12.jar:/home/padotec/.m2/repository/org/latencyutils/LatencyUtils/2.0.3/LatencyUtils-2.0.3.jar:/home/padotec/.m2/repository/org/springframework/boot/spring-boot-devtools/2.3.3.RELEASE/spring-boot-devtools-2.3.3.RELEASE.jar:/home/padotec/.m2/repository/org/springframework/boot/spring-boot/2.3.3.RELEASE/spring-boot-2.3.3.RELEASE.jar:/home/padotec/.m2/repository/org/springframework/boot/spring-boot-autoconfigure/2.3.3.RELEASE/spring-boot-autoconfigure-2.3.3.RELEASE.jar:/home/padotec/.m2/repository/com/h2database/h2/1.4.200/h2-1.4.200.jar:/home/padotec/.m2/repository/javax/xml/bind/jaxb-api/2.3.1/jaxb-api-2.3.1.jar:/home/padotec/.m2/repository/javax/activation/javax.activation-api/1.2.0/javax.activation-api-1.2.0.jar:/home/padotec/.m2/repository/com/sun/xml/bind/jaxb-impl/2.3.1/jaxb-impl-2.3.1.jar:/home/padotec/.m2/repository/org/glassfish/jaxb/jaxb-runtime/2.3.3/jaxb-runtime-2.3.3.jar:/home/padotec/.m2/repository/jakarta/xml/bind/jakarta.xml.bind-api/2.3.3/jakarta.xml.bind-api-2.3.3.jar:/home/padotec/.m2/repository/org/glassfish/jaxb/txw2/2.3.3/txw2-2.3.3.jar:/home/padotec/.m2/repository/com/sun/istack/istack-commons-runtime/3.0.11/istack-commons-runtime-3.0.11.jar:/home/padotec/.m2/repository/com/sun/activation/jakarta.activation/1.2.2/jakarta.activation-1.2.2.jar:/home/padotec/.m2/repository/javax/activation/activation/1.1.1/activation-1.1.1.jar:/home/padotec/.m2/repository/org/springframework/boot/spring-boot-starter-test/2.3.3.RELEASE/spring-boot-starter-test-2.3.3.RELEASE.jar:/home/padotec/.m2/repository/org/springframework/boot/spring-boot-test/2.3.3.RELEASE/spring-boot-test-2.3.3.RELEASE.jar:/home/padotec/.m2/repository/org/springframework/boot/spring-boot-test-autoconfigure/2.3.3.RELEASE/spring-boot-test-autoconfigure-2.3.3.RELEASE.jar:/home/padotec/.m2/repository/com/jayway/jsonpath/json-path/2.4.0/json-path-2.4.0.jar:/home/padotec/.m2/repository/net/minidev/json-smart/2.3/json-smart-2.3.jar:/home/padotec/.m2/repository/net/minidev/accessors-smart/1.2/accessors-smart-1.2.jar:/home/padotec/.m2/repository/org/ow2/asm/asm/5.0.4/asm-5.0.4.jar:/home/padotec/.m2/repository/org/assertj/assertj-core/3.16.1/assertj-core-3.16.1.jar:/home/padotec/.m2/repository/org/hamcrest/hamcrest/2.2/hamcrest-2.2.jar:/home/padotec/.m2/repository/org/junit/jupiter/junit-jupiter/5.6.2/junit-jupiter-5.6.2.jar:/home/padotec/.m2/repository/org/junit/jupiter/junit-jupiter-api/5.6.2/junit-jupiter-api-5.6.2.jar:/home/padotec/.m2/repository/org/opentest4j/opentest4j/1.2.0/opentest4j-1.2.0.jar:/home/padotec/.m2/repository/org/junit/platform/junit-platform-commons/1.6.2/junit-platform-commons-1.6.2.jar:/home/padotec/.m2/repository/org/junit/jupiter/junit-jupiter-params/5.6.2/junit-jupiter-params-5.6.2.jar:/home/padotec/.m2/repository/org/junit/jupiter/junit-jupiter-engine/5.6.2/junit-jupiter-engine-5.6.2.jar:/home/padotec/.m2/repository/org/junit/vintage/junit-vintage-engine/5.6.2/junit-vintage-engine-5.6.2.jar:/home/padotec/.m2/repository/org/apiguardian/apiguardian-api/1.1.0/apiguardian-api-1.1.0.jar:/home/padotec/.m2/repository/org/junit/platform/junit-platform-engine/1.6.2/junit-platform-engine-1.6.2.jar:/home/padotec/.m2/repository/junit/junit/4.13/junit-4.13.jar:/home/padotec/.m2/repository/org/mockito/mockito-core/3.3.3/mockito-core-3.3.3.jar:/home/padotec/.m2/repository/net/bytebuddy/byte-buddy-agent/1.10.14/byte-buddy-agent-1.10.14.jar:/home/padotec/.m2/repository/org/objenesis/objenesis/2.6/objenesis-2.6.jar:/home/padotec/.m2/repository/org/mockito/mockito-junit-jupiter/3.3.3/mockito-junit-jupiter-3.3.3.jar:/home/padotec/.m2/repository/org/skyscreamer/jsonassert/1.5.0/jsonassert-1.5.0.jar:/home/padotec/.m2/repository/com/vaadin/external/google/android-json/0.0.20131108.vaadin1/android-json-0.0.20131108.vaadin1.jar:/home/padotec/.m2/repository/org/springframework/spring-core/5.2.8.RELEASE/spring-core-5.2.8.RELEASE.jar:/home/padotec/.m2/repository/org/springframework/spring-jcl/5.2.8.RELEASE/spring-jcl-5.2.8.RELEASE.jar:/home/padotec/.m2/repository/org/springframework/spring-test/5.2.8.RELEASE/spring-test-5.2.8.RELEASE.jar:/home/padotec/.m2/repository/org/xmlunit/xmlunit-core/2.7.0/xmlunit-core-2.7.0.jar:"/>
    <property name="java.vm.vendor" value="Debian"/>
    <property name="sun.arch.data.model" value="64"/>
    <property name="java.vendor.url" value="https://tracker.debian.org/openjdk-11"/>
    <property name="user.timezone" value=""/>
    <property name="java.vm.specification.version" value="11"/>
    <property name="os.name" value="Linux"/>
    <property name="sun.java.launcher" value="SUN_STANDARD"/>
    <property name="user.country" value="BR"/>
    <property name="sun.boot.library.path" value="/usr/lib/jvm/java-11-openjdk-amd64/lib"/>
    <property name="sun.java.command" value="/home/padotec/Github/Kubernetes_GPC-AWS-AZURE/07-currency-exchange-stackdriver/target/surefire/surefirebooter16478279015531194874.jar /home/padotec/Github/Kubernetes_GPC-AWS-AZURE/07-currency-exchange-stackdriver/target/surefire 2021-05-03T09-53-03_275-jvmRun1 surefire7725787363069196878tmp surefire_016077686198487729476tmp"/>
    <property name="jdk.debug" value="release"/>
    <property name="surefire.test.class.path" value="/home/padotec/Github/Kubernetes_GPC-AWS-AZURE/07-currency-exchange-stackdriver/target/test-classes:/home/padotec/Github/Kubernetes_GPC-AWS-AZURE/07-currency-exchange-stackdriver/target/classes:/home/padotec/.m2/repository/org/springframework/boot/spring-boot-starter-web/2.3.3.RELEASE/spring-boot-starter-web-2.3.3.RELEASE.jar:/home/padotec/.m2/repository/org/springframework/boot/spring-boot-starter/2.3.3.RELEASE/spring-boot-starter-2.3.3.RELEASE.jar:/home/padotec/.m2/repository/org/springframework/boot/spring-boot-starter-logging/2.3.3.RELEASE/spring-boot-starter-logging-2.3.3.RELEASE.jar:/home/padotec/.m2/repository/ch/qos/logback/logback-classic/1.2.3/logback-classic-1.2.3.jar:/home/padotec/.m2/repository/org/apache/logging/log4j/log4j-to-slf4j/2.13.3/log4j-to-slf4j-2.13.3.jar:/home/padotec/.m2/repository/org/apache/logging/log4j/log4j-api/2.13.3/log4j-api-2.13.3.jar:/home/padotec/.m2/repository/org/slf4j/jul-to-slf4j/1.7.30/jul-to-slf4j-1.7.30.jar:/home/padotec/.m2/repository/jakarta/annotation/jakarta.annotation-api/1.3.5/jakarta.annotation-api-1.3.5.jar:/home/padotec/.m2/repository/org/yaml/snakeyaml/1.26/snakeyaml-1.26.jar:/home/padotec/.m2/repository/org/springframework/boot/spring-boot-starter-json/2.3.3.RELEASE/spring-boot-starter-json-2.3.3.RELEASE.jar:/home/padotec/.m2/repository/com/fasterxml/jackson/core/jackson-databind/2.11.2/jackson-databind-2.11.2.jar:/home/padotec/.m2/repository/com/fasterxml/jackson/core/jackson-annotations/2.11.2/jackson-annotations-2.11.2.jar:/home/padotec/.m2/repository/com/fasterxml/jackson/core/jackson-core/2.11.2/jackson-core-2.11.2.jar:/home/padotec/.m2/repository/com/fasterxml/jackson/datatype/jackson-datatype-jdk8/2.11.2/jackson-datatype-jdk8-2.11.2.jar:/home/padotec/.m2/repository/com/fasterxml/jackson/datatype/jackson-datatype-jsr310/2.11.2/jackson-datatype-jsr310-2.11.2.jar:/home/padotec/.m2/repository/com/fasterxml/jackson/module/jackson-module-parameter-names/2.11.2/jackson-module-parameter-names-2.11.2.jar:/home/padotec/.m2/repository/org/springframework/boot/spring-boot-starter-tomcat/2.3.3.RELEASE/spring-boot-starter-tomcat-2.3.3.RELEASE.jar:/home/padotec/.m2/repository/org/apache/tomcat/embed/tomcat-embed-core/9.0.37/tomcat-embed-core-9.0.37.jar:/home/padotec/.m2/repository/org/glassfish/jakarta.el/3.0.3/jakarta.el-3.0.3.jar:/home/padotec/.m2/repository/org/apache/tomcat/embed/tomcat-embed-websocket/9.0.37/tomcat-embed-websocket-9.0.37.jar:/home/padotec/.m2/repository/org/springframework/spring-web/5.2.8.RELEASE/spring-web-5.2.8.RELEASE.jar:/home/padotec/.m2/repository/org/springframework/spring-beans/5.2.8.RELEASE/spring-beans-5.2.8.RELEASE.jar:/home/padotec/.m2/repository/org/springframework/spring-webmvc/5.2.8.RELEASE/spring-webmvc-5.2.8.RELEASE.jar:/home/padotec/.m2/repository/org/springframework/spring-context/5.2.8.RELEASE/spring-context-5.2.8.RELEASE.jar:/home/padotec/.m2/repository/org/springframework/spring-expression/5.2.8.RELEASE/spring-expression-5.2.8.RELEASE.jar:/home/padotec/.m2/repository/org/springframework/boot/spring-boot-starter-data-jpa/2.3.3.RELEASE/spring-boot-starter-data-jpa-2.3.3.RELEASE.jar:/home/padotec/.m2/repository/org/springframework/boot/spring-boot-starter-aop/2.3.3.RELEASE/spring-boot-starter-aop-2.3.3.RELEASE.jar:/home/padotec/.m2/repository/org/aspectj/aspectjweaver/1.9.6/aspectjweaver-1.9.6.jar:/home/padotec/.m2/repository/org/springframework/boot/spring-boot-starter-jdbc/2.3.3.RELEASE/spring-boot-starter-jdbc-2.3.3.RELEASE.jar:/home/padotec/.m2/repository/com/zaxxer/HikariCP/3.4.5/HikariCP-3.4.5.jar:/home/padotec/.m2/repository/org/springframework/spring-jdbc/5.2.8.RELEASE/spring-jdbc-5.2.8.RELEASE.jar:/home/padotec/.m2/repository/jakarta/transaction/jakarta.transaction-api/1.3.3/jakarta.transaction-api-1.3.3.jar:/home/padotec/.m2/repository/jakarta/persistence/jakarta.persistence-api/2.2.3/jakarta.persistence-api-2.2.3.jar:/home/padotec/.m2/repository/org/hibernate/hibernate-core/5.4.20.Final/hibernate-core-5.4.20.Final.jar:/home/padotec/.m2/repository/org/jboss/logging/jboss-logging/3.4.1.Final/jboss-logging-3.4.1.Final.jar:/home/padotec/.m2/repository/org/javassist/javassist/3.24.0-GA/javassist-3.24.0-GA.jar:/home/padotec/.m2/repository/net/bytebuddy/byte-buddy/1.10.14/byte-buddy-1.10.14.jar:/home/padotec/.m2/repository/antlr/antlr/2.7.7/antlr-2.7.7.jar:/home/padotec/.m2/repository/org/jboss/jandex/2.1.3.Final/jandex-2.1.3.Final.jar:/home/padotec/.m2/repository/com/fasterxml/classmate/1.5.1/classmate-1.5.1.jar:/home/padotec/.m2/repository/org/dom4j/dom4j/2.1.3/dom4j-2.1.3.jar:/home/padotec/.m2/repository/org/hibernate/common/hibernate-commons-annotations/5.1.0.Final/hibernate-commons-annotations-5.1.0.Final.jar:/home/padotec/.m2/repository/org/springframework/data/spring-data-jpa/2.3.3.RELEASE/spring-data-jpa-2.3.3.RELEASE.jar:/home/padotec/.m2/repository/org/springframework/data/spring-data-commons/2.3.3.RELEASE/spring-data-commons-2.3.3.RELEASE.jar:/home/padotec/.m2/repository/org/springframework/spring-orm/5.2.8.RELEASE/spring-orm-5.2.8.RELEASE.jar:/home/padotec/.m2/repository/org/springframework/spring-tx/5.2.8.RELEASE/spring-tx-5.2.8.RELEASE.jar:/home/padotec/.m2/repository/org/springframework/spring-aspects/5.2.8.RELEASE/spring-aspects-5.2.8.RELEASE.jar:/home/padotec/.m2/repository/org/springframework/boot/spring-boot-starter-security/2.3.3.RELEASE/spring-boot-starter-security-2.3.3.RELEASE.jar:/home/padotec/.m2/repository/org/springframework/spring-aop/5.2.8.RELEASE/spring-aop-5.2.8.RELEASE.jar:/home/padotec/.m2/repository/org/springframework/security/spring-security-config/5.3.4.RELEASE/spring-security-config-5.3.4.RELEASE.jar:/home/padotec/.m2/repository/org/springframework/security/spring-security-core/5.3.4.RELEASE/spring-security-core-5.3.4.RELEASE.jar:/home/padotec/.m2/repository/org/springframework/security/spring-security-web/5.3.4.RELEASE/spring-security-web-5.3.4.RELEASE.jar:/home/padotec/.m2/repository/org/springframework/cloud/spring-cloud-starter-sleuth/2.2.4.RELEASE/spring-cloud-starter-sleuth-2.2.4.RELEASE.jar:/home/padotec/.m2/repository/org/springframework/cloud/spring-cloud-starter/2.2.4.RELEASE/spring-cloud-starter-2.2.4.RELEASE.jar:/home/padotec/.m2/repository/org/springframework/cloud/spring-cloud-context/2.2.4.RELEASE/spring-cloud-context-2.2.4.RELEASE.jar:/home/padotec/.m2/repository/org/springframework/security/spring-security-crypto/5.3.4.RELEASE/spring-security-crypto-5.3.4.RELEASE.jar:/home/padotec/.m2/repository/org/springframework/cloud/spring-cloud-commons/2.2.4.RELEASE/spring-cloud-commons-2.2.4.RELEASE.jar:/home/padotec/.m2/repository/org/springframework/security/spring-security-rsa/1.0.9.RELEASE/spring-security-rsa-1.0.9.RELEASE.jar:/home/padotec/.m2/repository/org/bouncycastle/bcpkix-jdk15on/1.64/bcpkix-jdk15on-1.64.jar:/home/padotec/.m2/repository/org/bouncycastle/bcprov-jdk15on/1.64/bcprov-jdk15on-1.64.jar:/home/padotec/.m2/repository/org/springframework/cloud/spring-cloud-sleuth-core/2.2.4.RELEASE/spring-cloud-sleuth-core-2.2.4.RELEASE.jar:/home/padotec/.m2/repository/org/aspectj/aspectjrt/1.9.6/aspectjrt-1.9.6.jar:/home/padotec/.m2/repository/io/zipkin/brave/brave/5.12.3/brave-5.12.3.jar:/home/padotec/.m2/repository/io/zipkin/reporter2/zipkin-reporter-brave/2.15.0/zipkin-reporter-brave-2.15.0.jar:/home/padotec/.m2/repository/io/zipkin/brave/brave-context-slf4j/5.12.3/brave-context-slf4j-5.12.3.jar:/home/padotec/.m2/repository/io/zipkin/brave/brave-instrumentation-messaging/5.12.3/brave-instrumentation-messaging-5.12.3.jar:/home/padotec/.m2/repository/io/zipkin/brave/brave-instrumentation-rpc/5.12.3/brave-instrumentation-rpc-5.12.3.jar:/home/padotec/.m2/repository/io/zipkin/brave/brave-instrumentation-spring-web/5.12.3/brave-instrumentation-spring-web-5.12.3.jar:/home/padotec/.m2/repository/io/zipkin/brave/brave-instrumentation-http/5.12.3/brave-instrumentation-http-5.12.3.jar:/home/padotec/.m2/repository/io/zipkin/brave/brave-instrumentation-spring-rabbit/5.12.3/brave-instrumentation-spring-rabbit-5.12.3.jar:/home/padotec/.m2/repository/io/zipkin/brave/brave-instrumentation-kafka-clients/5.12.3/brave-instrumentation-kafka-clients-5.12.3.jar:/home/padotec/.m2/repository/io/zipkin/brave/brave-instrumentation-kafka-streams/5.12.3/brave-instrumentation-kafka-streams-5.12.3.jar:/home/padotec/.m2/repository/io/zipkin/brave/brave-instrumentation-httpclient/5.12.3/brave-instrumentation-httpclient-5.12.3.jar:/home/padotec/.m2/repository/io/zipkin/brave/brave-instrumentation-httpasyncclient/5.12.3/brave-instrumentation-httpasyncclient-5.12.3.jar:/home/padotec/.m2/repository/io/zipkin/brave/brave-instrumentation-spring-webmvc/5.12.3/brave-instrumentation-spring-webmvc-5.12.3.jar:/home/padotec/.m2/repository/io/zipkin/brave/brave-instrumentation-servlet/5.12.3/brave-instrumentation-servlet-5.12.3.jar:/home/padotec/.m2/repository/io/zipkin/brave/brave-instrumentation-jms/5.12.3/brave-instrumentation-jms-5.12.3.jar:/home/padotec/.m2/repository/io/zipkin/reporter2/zipkin-reporter-metrics-micrometer/2.15.0/zipkin-reporter-metrics-micrometer-2.15.0.jar:/home/padotec/.m2/repository/io/zipkin/zipkin2/zipkin/2.21.1/zipkin-2.21.1.jar:/home/padotec/.m2/repository/org/springframework/cloud/spring-cloud-gcp-starter-trace/1.2.4.RELEASE/spring-cloud-gcp-starter-trace-1.2.4.RELEASE.jar:/home/padotec/.m2/repository/org/springframework/cloud/spring-cloud-gcp-starter/1.2.4.RELEASE/spring-cloud-gcp-starter-1.2.4.RELEASE.jar:/home/padotec/.m2/repository/org/springframework/cloud/spring-cloud-gcp-core/1.2.4.RELEASE/spring-cloud-gcp-core-1.2.4.RELEASE.jar:/home/padotec/.m2/repository/org/springframework/cloud/spring-cloud-gcp-autoconfigure/1.2.4.RELEASE/spring-cloud-gcp-autoconfigure-1.2.4.RELEASE.jar:/home/padotec/.m2/repository/io/zipkin/gcp/zipkin-sender-stackdriver/0.17.0/zipkin-sender-stackdriver-0.17.0.jar:/home/padotec/.m2/repository/io/zipkin/gcp/zipkin-translation-stackdriver/0.17.0/zipkin-translation-stackdriver-0.17.0.jar:/home/padotec/.m2/repository/com/google/api/grpc/proto-google-common-protos/1.18.0/proto-google-common-protos-1.18.0.jar:/home/padotec/.m2/repository/com/google/api/grpc/proto-google-cloud-trace-v2/1.1.0/proto-google-cloud-trace-v2-1.1.0.jar:/home/padotec/.m2/repository/io/zipkin/reporter2/zipkin-reporter/2.15.0/zipkin-reporter-2.15.0.jar:/home/padotec/.m2/repository/com/google/api/grpc/grpc-google-cloud-trace-v2/1.1.0/grpc-google-cloud-trace-v2-1.1.0.jar:/home/padotec/.m2/repository/io/grpc/grpc-context/1.30.2/grpc-context-1.30.2.jar:/home/padotec/.m2/repository/com/google/code/findbugs/jsr305/3.0.2/jsr305-3.0.2.jar:/home/padotec/.m2/repository/org/codehaus/mojo/animal-sniffer-annotations/1.18/animal-sniffer-annotations-1.18.jar:/home/padotec/.m2/repository/io/grpc/grpc-stub/1.30.2/grpc-stub-1.30.2.jar:/home/padotec/.m2/repository/com/google/errorprone/error_prone_annotations/2.3.4/error_prone_annotations-2.3.4.jar:/home/padotec/.m2/repository/io/grpc/grpc-protobuf-lite/1.30.0/grpc-protobuf-lite-1.30.0.jar:/home/padotec/.m2/repository/javax/annotation/javax.annotation-api/1.3.2/javax.annotation-api-1.3.2.jar:/home/padotec/.m2/repository/com/google/auto/value/auto-value-annotations/1.7.2/auto-value-annotations-1.7.2.jar:/home/padotec/.m2/repository/com/google/guava/failureaccess/1.0.1/failureaccess-1.0.1.jar:/home/padotec/.m2/repository/com/google/guava/listenablefuture/9999.0-empty-to-avoid-conflict-with-guava/listenablefuture-9999.0-empty-to-avoid-conflict-with-guava.jar:/home/padotec/.m2/repository/org/checkerframework/checker-compat-qual/2.5.5/checker-compat-qual-2.5.5.jar:/home/padotec/.m2/repository/com/google/j2objc/j2objc-annotations/1.3/j2objc-annotations-1.3.jar:/home/padotec/.m2/repository/io/zipkin/gcp/brave-propagation-stackdriver/0.17.0/brave-propagation-stackdriver-0.17.0.jar:/home/padotec/.m2/repository/com/google/cloud/google-cloud-core-grpc/1.93.7/google-cloud-core-grpc-1.93.7.jar:/home/padotec/.m2/repository/com/google/auth/google-auth-library-credentials/0.21.1/google-auth-library-credentials-0.21.1.jar:/home/padotec/.m2/repository/com/google/cloud/google-cloud-core/1.93.7/google-cloud-core-1.93.7.jar:/home/padotec/.m2/repository/com/google/protobuf/protobuf-java-util/3.12.2/protobuf-java-util-3.12.2.jar:/home/padotec/.m2/repository/com/google/api/grpc/proto-google-iam-v1/0.13.0/proto-google-iam-v1-0.13.0.jar:/home/padotec/.m2/repository/org/threeten/threetenbp/1.4.4/threetenbp-1.4.4.jar:/home/padotec/.m2/repository/com/google/auth/google-auth-library-oauth2-http/0.21.1/google-auth-library-oauth2-http-0.21.1.jar:/home/padotec/.m2/repository/com/google/http-client/google-http-client-jackson2/1.36.0/google-http-client-jackson2-1.36.0.jar:/home/padotec/.m2/repository/com/google/protobuf/protobuf-java/3.12.2/protobuf-java-3.12.2.jar:/home/padotec/.m2/repository/com/google/guava/guava/29.0-jre/guava-29.0-jre.jar:/home/padotec/.m2/repository/org/checkerframework/checker-qual/2.11.1/checker-qual-2.11.1.jar:/home/padotec/.m2/repository/com/google/api/gax/1.57.1/gax-1.57.1.jar:/home/padotec/.m2/repository/io/opencensus/opencensus-api/0.24.0/opencensus-api-0.24.0.jar:/home/padotec/.m2/repository/com/google/api/gax-grpc/1.57.1/gax-grpc-1.57.1.jar:/home/padotec/.m2/repository/io/grpc/grpc-auth/1.30.2/grpc-auth-1.30.2.jar:/home/padotec/.m2/repository/io/grpc/grpc-protobuf/1.30.2/grpc-protobuf-1.30.2.jar:/home/padotec/.m2/repository/io/grpc/grpc-netty-shaded/1.30.2/grpc-netty-shaded-1.30.2.jar:/home/padotec/.m2/repository/io/grpc/grpc-alts/1.30.2/grpc-alts-1.30.2.jar:/home/padotec/.m2/repository/com/google/api/api-common/1.9.3/api-common-1.9.3.jar:/home/padotec/.m2/repository/io/grpc/grpc-api/1.30.2/grpc-api-1.30.2.jar:/home/padotec/.m2/repository/io/grpc/grpc-core/1.30.2/grpc-core-1.30.2.jar:/home/padotec/.m2/repository/com/google/code/gson/gson/2.8.6/gson-2.8.6.jar:/home/padotec/.m2/repository/com/google/android/annotations/4.1.1.4/annotations-4.1.1.4.jar:/home/padotec/.m2/repository/io/perfmark/perfmark-api/0.19.0/perfmark-api-0.19.0.jar:/home/padotec/.m2/repository/com/google/http-client/google-http-client/1.36.0/google-http-client-1.36.0.jar:/home/padotec/.m2/repository/org/apache/httpcomponents/httpclient/4.5.12/httpclient-4.5.12.jar:/home/padotec/.m2/repository/org/apache/httpcomponents/httpcore/4.4.13/httpcore-4.4.13.jar:/home/padotec/.m2/repository/io/opencensus/opencensus-contrib-http-util/0.24.0/opencensus-contrib-http-util-0.24.0.jar:/home/padotec/.m2/repository/org/slf4j/slf4j-api/1.7.30/slf4j-api-1.7.30.jar:/home/padotec/.m2/repository/org/springframework/cloud/spring-cloud-gcp-starter-logging/1.2.4.RELEASE/spring-cloud-gcp-starter-logging-1.2.4.RELEASE.jar:/home/padotec/.m2/repository/org/springframework/cloud/spring-cloud-gcp-logging/1.2.4.RELEASE/spring-cloud-gcp-logging-1.2.4.RELEASE.jar:/home/padotec/.m2/repository/ch/qos/logback/contrib/logback-json-classic/0.1.5/logback-json-classic-0.1.5.jar:/home/padotec/.m2/repository/ch/qos/logback/contrib/logback-json-core/0.1.5/logback-json-core-0.1.5.jar:/home/padotec/.m2/repository/com/google/cloud/google-cloud-logging-logback/0.118.0-alpha/google-cloud-logging-logback-0.118.0-alpha.jar:/home/padotec/.m2/repository/ch/qos/logback/logback-core/1.2.3/logback-core-1.2.3.jar:/home/padotec/.m2/repository/com/google/cloud/google-cloud-logging/1.101.2/google-cloud-logging-1.101.2.jar:/home/padotec/.m2/repository/com/google/api/grpc/proto-google-cloud-logging-v2/0.84.2/proto-google-cloud-logging-v2-0.84.2.jar:/home/padotec/.m2/repository/io/grpc/grpc-grpclb/1.30.2/grpc-grpclb-1.30.2.jar:/home/padotec/.m2/repository/org/apache/commons/commons-lang3/3.10/commons-lang3-3.10.jar:/home/padotec/.m2/repository/org/conscrypt/conscrypt-openjdk-uber/2.2.1/conscrypt-openjdk-uber-2.2.1.jar:/home/padotec/.m2/repository/commons-logging/commons-logging/1.2/commons-logging-1.2.jar:/home/padotec/.m2/repository/commons-codec/commons-codec/1.14/commons-codec-1.14.jar:/home/padotec/.m2/repository/org/springframework/boot/spring-boot-starter-actuator/2.3.3.RELEASE/spring-boot-starter-actuator-2.3.3.RELEASE.jar:/home/padotec/.m2/repository/org/springframework/boot/spring-boot-actuator-autoconfigure/2.3.3.RELEASE/spring-boot-actuator-autoconfigure-2.3.3.RELEASE.jar:/home/padotec/.m2/repository/org/springframework/boot/spring-boot-actuator/2.3.3.RELEASE/spring-boot-actuator-2.3.3.RELEASE.jar:/home/padotec/.m2/repository/io/micrometer/micrometer-core/1.5.4/micrometer-core-1.5.4.jar:/home/padotec/.m2/repository/org/hdrhistogram/HdrHistogram/2.1.12/HdrHistogram-2.1.12.jar:/home/padotec/.m2/repository/org/latencyutils/LatencyUtils/2.0.3/LatencyUtils-2.0.3.jar:/home/padotec/.m2/repository/org/springframework/boot/spring-boot-devtools/2.3.3.RELEASE/spring-boot-devtools-2.3.3.RELEASE.jar:/home/padotec/.m2/repository/org/springframework/boot/spring-boot/2.3.3.RELEASE/spring-boot-2.3.3.RELEASE.jar:/home/padotec/.m2/repository/org/springframework/boot/spring-boot-autoconfigure/2.3.3.RELEASE/spring-boot-autoconfigure-2.3.3.RELEASE.jar:/home/padotec/.m2/repository/com/h2database/h2/1.4.200/h2-1.4.200.jar:/home/padotec/.m2/repository/javax/xml/bind/jaxb-api/2.3.1/jaxb-api-2.3.1.jar:/home/padotec/.m2/repository/javax/activation/javax.activation-api/1.2.0/javax.activation-api-1.2.0.jar:/home/padotec/.m2/repository/com/sun/xml/bind/jaxb-impl/2.3.1/jaxb-impl-2.3.1.jar:/home/padotec/.m2/repository/org/glassfish/jaxb/jaxb-runtime/2.3.3/jaxb-runtime-2.3.3.jar:/home/padotec/.m2/repository/jakarta/xml/bind/jakarta.xml.bind-api/2.3.3/jakarta.xml.bind-api-2.3.3.jar:/home/padotec/.m2/repository/org/glassfish/jaxb/txw2/2.3.3/txw2-2.3.3.jar:/home/padotec/.m2/repository/com/sun/istack/istack-commons-runtime/3.0.11/istack-commons-runtime-3.0.11.jar:/home/padotec/.m2/repository/com/sun/activation/jakarta.activation/1.2.2/jakarta.activation-1.2.2.jar:/home/padotec/.m2/repository/javax/activation/activation/1.1.1/activation-1.1.1.jar:/home/padotec/.m2/repository/org/springframework/boot/spring-boot-starter-test/2.3.3.RELEASE/spring-boot-starter-test-2.3.3.RELEASE.jar:/home/padotec/.m2/repository/org/springframework/boot/spring-boot-test/2.3.3.RELEASE/spring-boot-test-2.3.3.RELEASE.jar:/home/padotec/.m2/repository/org/springframework/boot/spring-boot-test-autoconfigure/2.3.3.RELEASE/spring-boot-test-autoconfigure-2.3.3.RELEASE.jar:/home/padotec/.m2/repository/com/jayway/jsonpath/json-path/2.4.0/json-path-2.4.0.jar:/home/padotec/.m2/repository/net/minidev/json-smart/2.3/json-smart-2.3.jar:/home/padotec/.m2/repository/net/minidev/accessors-smart/1.2/accessors-smart-1.2.jar:/home/padotec/.m2/repository/org/ow2/asm/asm/5.0.4/asm-5.0.4.jar:/home/padotec/.m2/repository/org/assertj/assertj-core/3.16.1/assertj-core-3.16.1.jar:/home/padotec/.m2/repository/org/hamcrest/hamcrest/2.2/hamcrest-2.2.jar:/home/padotec/.m2/repository/org/junit/jupiter/junit-jupiter/5.6.2/junit-jupiter-5.6.2.jar:/home/padotec/.m2/repository/org/junit/jupiter/junit-jupiter-api/5.6.2/junit-jupiter-api-5.6.2.jar:/home/padotec/.m2/repository/org/opentest4j/opentest4j/1.2.0/opentest4j-1.2.0.jar:/home/padotec/.m2/repository/org/junit/platform/junit-platform-commons/1.6.2/junit-platform-commons-1.6.2.jar:/home/padotec/.m2/repository/org/junit/jupiter/junit-jupiter-params/5.6.2/junit-jupiter-params-5.6.2.jar:/home/padotec/.m2/repository/org/junit/jupiter/junit-jupiter-engine/5.6.2/junit-jupiter-engine-5.6.2.jar:/home/padotec/.m2/repository/org/junit/vintage/junit-vintage-engine/5.6.2/junit-vintage-engine-5.6.2.jar:/home/padotec/.m2/repository/org/apiguardian/apiguardian-api/1.1.0/apiguardian-api-1.1.0.jar:/home/padotec/.m2/repository/org/junit/platform/junit-platform-engine/1.6.2/junit-platform-engine-1.6.2.jar:/home/padotec/.m2/repository/junit/junit/4.13/junit-4.13.jar:/home/padotec/.m2/repository/org/mockito/mockito-core/3.3.3/mockito-core-3.3.3.jar:/home/padotec/.m2/repository/net/bytebuddy/byte-buddy-agent/1.10.14/byte-buddy-agent-1.10.14.jar:/home/padotec/.m2/repository/org/objenesis/objenesis/2.6/objenesis-2.6.jar:/home/padotec/.m2/repository/org/mockito/mockito-junit-jupiter/3.3.3/mockito-junit-jupiter-3.3.3.jar:/home/padotec/.m2/repository/org/skyscreamer/jsonassert/1.5.0/jsonassert-1.5.0.jar:/home/padotec/.m2/repository/com/vaadin/external/google/android-json/0.0.20131108.vaadin1/android-json-0.0.20131108.vaadin1.jar:/home/padotec/.m2/repository/org/springframework/spring-core/5.2.8.RELEASE/spring-core-5.2.8.RELEASE.jar:/home/padotec/.m2/repository/org/springframework/spring-jcl/5.2.8.RELEASE/spring-jcl-5.2.8.RELEASE.jar:/home/padotec/.m2/repository/org/springframework/spring-test/5.2.8.RELEASE/spring-test-5.2.8.RELEASE.jar:/home/padotec/.m2/repository/org/xmlunit/xmlunit-core/2.7.0/xmlunit-core-2.7.0.jar:"/>
    <property name="sun.cpu.endian" value="little"/>
    <property name="user.home" value="/home/padotec"/>
    <property name="user.language" value="pt"/>
    <property name="java.specification.vendor" value="Oracle Corporation"/>
    <property name="java.version.date" value="2020-11-04"/>
    <property name="java.home" value="/usr/lib/jvm/java-11-openjdk-amd64"/>
    <property name="file.separator" value="/"/>
    <property name="basedir" value="/home/padotec/Github/Kubernetes_GPC-AWS-AZURE/07-currency-exchange-stackdriver"/>
    <property name="java.vm.compressedOopsMode" value="Zero based"/>
    <property name="line.separator" value="&#10;"/>
    <property name="java.specification.name" value="Java Platform API Specification"/>
    <property name="java.vm.specification.vendor" value="Oracle Corporation"/>
    <property name="java.awt.graphicsenv" value="sun.awt.X11GraphicsEnvironment"/>
    <property name="surefire.real.class.path" value="/home/padotec/Github/Kubernetes_GPC-AWS-AZURE/07-currency-exchange-stackdriver/target/surefire/surefirebooter16478279015531194874.jar"/>
    <property name="sun.management.compiler" value="HotSpot 64-Bit Tiered Compilers"/>
    <property name="java.runtime.version" value="11.0.9.1+1-post-Debian-1deb10u2"/>
    <property name="user.name" value="padotec"/>
    <property name="path.separator" value=":"/>
    <property name="os.version" value="4.19.0-13-amd64"/>
    <property name="java.runtime.name" value="OpenJDK Runtime Environment"/>
    <property name="file.encoding" value="UTF-8"/>
    <property name="java.vm.name" value="OpenJDK 64-Bit Server VM"/>
    <property name="localRepository" value="/home/padotec/.m2/repository"/>
    <property name="java.vendor.url.bug" value="https://bugs.debian.org/openjdk-11"/>
    <property name="java.io.tmpdir" value="/tmp"/>
    <property name="idea.version" value="2020.3.1"/>
    <property name="java.version" value="11.0.9.1"/>
    <property name="user.dir" value="/home/padotec/Github/Kubernetes_GPC-AWS-AZURE/07-currency-exchange-stackdriver"/>
    <property name="os.arch" value="amd64"/>
    <property name="java.vm.specification.name" value="Java Virtual Machine Specification"/>
    <property name="java.awt.printerjob" value="sun.print.PSPrinterJob"/>
    <property name="sun.os.patch.level" value="unknown"/>
    <property name="java.library.path" value="/usr/java/packages/lib:/usr/lib/x86_64-linux-gnu/jni:/lib/x86_64-linux-gnu:/usr/lib/x86_64-linux-gnu:/usr/lib/jni:/lib:/usr/lib"/>
    <property name="java.vm.info" value="mixed mode, sharing"/>
    <property name="java.vendor" value="Debian"/>
    <property name="java.vm.version" value="11.0.9.1+1-post-Debian-1deb10u2"/>
    <property name="sun.io.unicode.encoding" value="UnicodeLittle"/>
    <property name="java.class.version" value="55.0"/>
  </properties>
  <testcase name="contextLoads" classname="dev.evertonsavio.microservices.currencyexchangeservice.CurrencyExchangeServiceApplicationTests" time="0.042"/>
</testsuite>